

================================================================
== Vivado HLS Report for 'GetLocation'
================================================================
* Date:           Wed Sep 21 08:27:49 2016

* Version:        2016.2 (Build 1577090 on Thu Jun 02 16:59:10 MDT 2016)
* Project:        jpet_geo
* Solution:       solution1
* Product family: zynq
* Target device:  xc7z020clg484-1


================================================================
== Performance Estimates
================================================================
+ Timing (ns): 
    * Summary: 
    +--------+-------+----------+------------+
    |  Clock | Target| Estimated| Uncertainty|
    +--------+-------+----------+------------+
    |ap_clk  |  10.00|      2.39|        1.25|
    +--------+-------+----------+------------+

+ Latency (clock cycles): 
    * Summary: 
    +-----+-----+-----+-----+---------+
    |  Latency  |  Interval | Pipeline|
    | min | max | min | max |   Type  |
    +-----+-----+-----+-----+---------+
    |    1|    1|    2|    2|   none  |
    +-----+-----+-----+-----+---------+

    + Detail: 
        * Instance: 
        N/A

        * Loop: 
        N/A



================================================================
== Utilization Estimates
================================================================
* Summary: 
+-----------------+---------+-------+--------+-------+
|       Name      | BRAM_18K| DSP48E|   FF   |  LUT  |
+-----------------+---------+-------+--------+-------+
|DSP              |        -|      -|       -|      -|
|Expression       |        -|      -|       -|      -|
|FIFO             |        -|      -|       -|      -|
|Instance         |        -|      -|       -|      -|
|Memory           |        1|      -|       9|     14|
|Multiplexer      |        -|      -|       -|      1|
|Register         |        -|      -|       2|      -|
+-----------------+---------+-------+--------+-------+
|Total            |        1|      0|      11|     15|
+-----------------+---------+-------+--------+-------+
|Available        |      280|    220|  106400|  53200|
+-----------------+---------+-------+--------+-------+
|Utilization (%)  |    ~0   |      0|   ~0   |   ~0  |
+-----------------+---------+-------+--------+-------+

+ Detail: 
    * Instance: 
    N/A

    * DSP48: 
    N/A

    * Memory: 
    +--------------------+------------------------------+---------+---+----+------+-----+------+-------------+
    |       Memory       |            Module            | BRAM_18K| FF| LUT| Words| Bits| Banks| W*Bits*Banks|
    +--------------------+------------------------------+---------+---+----+------+-----+------+-------------+
    |dm_detMap_module_U  |GetLocation_dm_detMap_module  |        0|  1|   2|    96|    1|     1|           96|
    |dm_detMap_x_U       |GetLocation_dm_detMap_x       |        0|  8|  12|    96|    8|     1|          768|
    |dm_detMap_y_U       |GetLocation_dm_detMap_y       |        1|  0|   0|    96|   32|     1|         3072|
    +--------------------+------------------------------+---------+---+----+------+-----+------+-------------+
    |Total               |                              |        1|  9|  14|   288|   41|     3|         3936|
    +--------------------+------------------------------+---------+---+----+------+-----+------+-------------+

    * FIFO: 
    N/A

    * Expression: 
    N/A

    * Multiplexer: 
    +-----------+----+-----------+-----+-----------+
    |    Name   | LUT| Input Size| Bits| Total Bits|
    +-----------+----+-----------+-----+-----------+
    |ap_NS_fsm  |   1|          3|    1|          3|
    +-----------+----+-----------+-----+-----------+
    |Total      |   1|          3|    1|          3|
    +-----------+----+-----------+-----+-----------+

    * Register: 
    +-----------+---+----+-----+-----------+
    |    Name   | FF| LUT| Bits| Const Bits|
    +-----------+---+----+-----+-----------+
    |ap_CS_fsm  |  2|   0|    2|          0|
    +-----------+---+----+-----+-----------+
    |Total      |  2|   0|    2|          0|
    +-----------+---+----+-----+-----------+



================================================================
== Interface
================================================================
* Summary: 
+--------------------------+-----+-----+------------+-------------------+--------------+
|         RTL Ports        | Dir | Bits|  Protocol  |   Source Object   |    C Type    |
+--------------------------+-----+-----+------------+-------------------+--------------+
|ap_clk                    |  in |    1| ap_ctrl_hs |    GetLocation    | return value |
|ap_rst                    |  in |    1| ap_ctrl_hs |    GetLocation    | return value |
|ap_start                  |  in |    1| ap_ctrl_hs |    GetLocation    | return value |
|ap_done                   | out |    1| ap_ctrl_hs |    GetLocation    | return value |
|ap_idle                   | out |    1| ap_ctrl_hs |    GetLocation    | return value |
|ap_ready                  | out |    1| ap_ctrl_hs |    GetLocation    | return value |
|agg_result_x              | out |   16|   ap_vld   |    agg_result_x   |    pointer   |
|agg_result_x_ap_vld       | out |    1|   ap_vld   |    agg_result_x   |    pointer   |
|agg_result_y              | out |   32|   ap_vld   |    agg_result_y   |    pointer   |
|agg_result_y_ap_vld       | out |    1|   ap_vld   |    agg_result_y   |    pointer   |
|agg_result_module         | out |   16|   ap_vld   | agg_result_module |    pointer   |
|agg_result_module_ap_vld  | out |    1|   ap_vld   | agg_result_module |    pointer   |
|tdc_channel               |  in |   16|   ap_none  |    tdc_channel    |    scalar    |
+--------------------------+-----+-----+------------+-------------------+--------------+

