#-----------------------------------------------------------
# Vivado v2016.2 (64-bit)
# SW Build 1577090 on Thu Jun  2 16:32:40 MDT 2016
# IP Build 1577682 on Fri Jun  3 12:00:54 MDT 2016
# Start of session at: Wed Sep 21 08:05:37 2016
# Process ID: 2740
# Current directory: C:/Users/Emilia/Desktop/majne/inz/inzynierskie
# Command line: vivado.exe -gui_launcher_event rodinguilauncherevent5556 C:\Users\Emilia\Desktop\majne\inz\inzynierskie\inzynierskie.xpr
# Log file: C:/Users/Emilia/Desktop/majne/inz/inzynierskie/vivado.log
# Journal file: C:/Users/Emilia/Desktop/majne/inz/inzynierskie\vivado.jou
#-----------------------------------------------------------
start_gui
open_project C:/Users/Emilia/Desktop/majne/inz/inzynierskie/inzynierskie.xpr
Scanning sources...
Finished scanning sources
INFO: [IP_Flow 19-234] Refreshing IP repositories
INFO: [IP_Flow 19-1704] No user IP repositories specified
INFO: [IP_Flow 19-2313] Loaded Vivado IP repository 'C:/Xilinx/Vivado/2016.2/data/ip'.
open_project: Time (s): cpu = 00:00:33 ; elapsed = 00:00:13 . Memory (MB): peak = 807.844 ; gain = 99.949
update_compile_order -fileset sources_1
set_property  ip_repo_paths  C:/Users/Emilia/Desktop/majne/inz/inzynierskie/jpet_geo [current_project]
update_ip_catalog
INFO: [IP_Flow 19-234] Refreshing IP repositories
INFO: [IP_Flow 19-1700] Loaded user IP repository 'c:/Users/Emilia/Desktop/majne/inz/inzynierskie/jpet_geo'.
create_ip -name GetLocation -vendor xilinx.com -library hls -version 1.0 -module_name Mapowanie
generate_target {instantiation_template} [get_files c:/Users/Emilia/Desktop/majne/inz/inzynierskie/inzynierskie.srcs/sources_1/ip/Mapowanie/Mapowanie.xci]
INFO: [IP_Flow 19-1686] Generating 'Instantiation Template' target for IP 'Mapowanie'...
update_compile_order -fileset sources_1
generate_target all [get_files  c:/Users/Emilia/Desktop/majne/inz/inzynierskie/inzynierskie.srcs/sources_1/ip/Mapowanie/Mapowanie.xci]
INFO: [IP_Flow 19-1686] Generating 'Synthesis' target for IP 'Mapowanie'...
INFO: [IP_Flow 19-1686] Generating 'Simulation' target for IP 'Mapowanie'...
INFO: [IP_Flow 19-1686] Generating 'Miscellaneous' target for IP 'Mapowanie'...
export_ip_user_files -of_objects [get_files c:/Users/Emilia/Desktop/majne/inz/inzynierskie/inzynierskie.srcs/sources_1/ip/Mapowanie/Mapowanie.xci] -no_script -force -quiet
create_ip_run [get_files -of_objects [get_fileset sources_1] c:/Users/Emilia/Desktop/majne/inz/inzynierskie/inzynierskie.srcs/sources_1/ip/Mapowanie/Mapowanie.xci]
launch_run -jobs 4 Mapowanie_synth_1
[Wed Sep 21 08:39:33 2016] Launched Mapowanie_synth_1...
Run output will be captured here: C:/Users/Emilia/Desktop/majne/inz/inzynierskie/inzynierskie.runs/Mapowanie_synth_1/runme.log
INFO: [Vivado 12-4357] Exporting simulation files for 'Mapowanie'... please wait for 'Mapowanie_synth_1' run to finish...
wait_on_run Mapowanie_synth_1
[Wed Sep 21 08:39:33 2016] Waiting for Mapowanie_synth_1 to finish...
[Wed Sep 21 08:39:38 2016] Waiting for Mapowanie_synth_1 to finish...
[Wed Sep 21 08:39:43 2016] Waiting for Mapowanie_synth_1 to finish...
[Wed Sep 21 08:39:48 2016] Waiting for Mapowanie_synth_1 to finish...
[Wed Sep 21 08:39:58 2016] Waiting for Mapowanie_synth_1 to finish...
[Wed Sep 21 08:40:08 2016] Waiting for Mapowanie_synth_1 to finish...
[Wed Sep 21 08:40:18 2016] Waiting for Mapowanie_synth_1 to finish...
[Wed Sep 21 08:40:28 2016] Waiting for Mapowanie_synth_1 to finish...
[Wed Sep 21 08:40:48 2016] Waiting for Mapowanie_synth_1 to finish...
[Wed Sep 21 08:41:08 2016] Waiting for Mapowanie_synth_1 to finish...
[Wed Sep 21 08:41:13 2016] Mapowanie_synth_1 finished
wait_on_run: Time (s): cpu = 00:00:06 ; elapsed = 00:01:40 . Memory (MB): peak = 883.867 ; gain = 0.000
export_simulation -of_objects [get_files c:/Users/Emilia/Desktop/majne/inz/inzynierskie/inzynierskie.srcs/sources_1/ip/Mapowanie/Mapowanie.xci] -directory C:/Users/Emilia/Desktop/majne/inz/inzynierskie/inzynierskie.ip_user_files/sim_scripts -ip_user_files_dir C:/Users/Emilia/Desktop/majne/inz/inzynierskie/inzynierskie.ip_user_files -ipstatic_source_dir C:/Users/Emilia/Desktop/majne/inz/inzynierskie/inzynierskie.ip_user_files/ipstatic -force -quiet
exit
INFO: [Common 17-206] Exiting Vivado at Wed Sep 21 08:50:34 2016...
