#-----------------------------------------------------------
# Vivado v2016.2 (64-bit)
# SW Build 1577090 on Thu Jun  2 16:32:40 MDT 2016
# IP Build 1577682 on Fri Jun  3 12:00:54 MDT 2016
# Start of session at: Wed Sep 21 08:04:30 2016
# Process ID: 7944
# Current directory: C:/Users/Emilia/Desktop/majne/inz/inzynierskie
# Command line: vivado.exe -gui_launcher_event rodinguilauncherevent7892 C:\Users\Emilia\Desktop\majne\inz\inzynierskie\inzynierskie.xpr
# Log file: C:/Users/Emilia/Desktop/majne/inz/inzynierskie/vivado.log
# Journal file: C:/Users/Emilia/Desktop/majne/inz/inzynierskie\vivado.jou
#-----------------------------------------------------------
start_gui
open_project C:/Users/Emilia/Desktop/majne/inz/inzynierskie/inzynierskie.xpr
Scanning sources...
Finished scanning sources
INFO: [IP_Flow 19-234] Refreshing IP repositories
INFO: [IP_Flow 19-1704] No user IP repositories specified
INFO: [IP_Flow 19-2313] Loaded Vivado IP repository 'C:/Xilinx/Vivado/2016.2/data/ip'.
open_project: Time (s): cpu = 00:00:43 ; elapsed = 00:00:16 . Memory (MB): peak = 838.949 ; gain = 141.668
update_compile_order -fileset sources_1
exit
INFO: [Common 17-206] Exiting Vivado at Wed Sep 21 08:05:32 2016...
