@I [HLS-0] Workspace C:/Users/Emilia/Desktop/majne/inz/inzynierskie/jpet_geo/solution1 opened at Wed Sep 21 08:36:45 +0200 2016
@I [HLS-100] Command "config_clock -quiet -name default -period 10 -default=false "
@I [SYN-201] Setting up clock 'default' with a period of 10ns.
@I [HLS-100] Command 'config_clock' returned 0; elapsed 0.016Total elapsed time: 2.13 sec.
@I [HLS-100] Command "open_platform DefaultPlatform "
@I [HLS-100] Command 'open_platform' returned 0; elapsed 0Total elapsed time: 2.13 sec.
@I [HLS-100] Command "import_lib C:/Xilinx/Vivado_HLS/2016.2/common/technology/xilinx/zynq/zynq "
@I [HLS-100] Command "source C:/Xilinx/Vivado_HLS/2016.2/common/technology/xilinx/common/xilinx.lib "
@I [HLS-100] Command "source C:/Xilinx/Vivado_HLS/2016.2/common/technology/xilinx/interface/xilinx_interface.lib "
@I [HLS-100] Command "source C:/Xilinx/Vivado_HLS/2016.2/common/technology/xilinx/interface/plb46.lib "
@I [HLS-100] Command 'ap_source' returned 0; elapsed 0Total elapsed time: 2.13 sec.
@I [HLS-100] Command "source C:/Xilinx/Vivado_HLS/2016.2/common/technology/xilinx/interface/fsl.lib "
@I [HLS-100] Command 'ap_source' returned 0; elapsed 0Total elapsed time: 2.13 sec.
@I [HLS-100] Command "source C:/Xilinx/Vivado_HLS/2016.2/common/technology/xilinx/interface/axi4.lib "
@I [HLS-100] Command 'ap_source' returned 0; elapsed 0Total elapsed time: 2.13 sec.
@I [HLS-100] Command "source C:/Xilinx/Vivado_HLS/2016.2/common/technology/xilinx/interface/maxi.lib "
@I [HLS-100] Command 'ap_source' returned 0; elapsed 0Total elapsed time: 2.13 sec.
@I [HLS-100] Command "source C:/Xilinx/Vivado_HLS/2016.2/common/technology/xilinx/interface/saxilite.lib "
@I [HLS-100] Command 'ap_source' returned 0; elapsed 0Total elapsed time: 2.13 sec.
@I [HLS-100] Command 'ap_source' returned 0; elapsed 0Total elapsed time: 2.13 sec.
@I [HLS-100] Command "source C:/Xilinx/Vivado_HLS/2016.2/common/technology/xilinx/common/dsp48.lib "
@I [HLS-100] Command 'ap_source' returned 0; elapsed 0.015Total elapsed time: 2.28 sec.
@I [HLS-100] Command "source C:/Xilinx/Vivado_HLS/2016.2/common/technology/xilinx/ip/dds_compiler.lib "
@I [HLS-100] Command 'ap_source' returned 0; elapsed 0Total elapsed time: 2.28 sec.
@I [HLS-100] Command "source C:/Xilinx/Vivado_HLS/2016.2/common/technology/xilinx/ip/xfft.lib "
@I [HLS-100] Command 'ap_source' returned 0; elapsed 0Total elapsed time: 2.28 sec.
@I [HLS-100] Command "source C:/Xilinx/Vivado_HLS/2016.2/common/technology/xilinx/ip/xfir.lib "
@I [HLS-100] Command 'ap_source' returned 0; elapsed 0Total elapsed time: 2.28 sec.
@I [HLS-100] Command 'ap_source' returned 0; elapsed 0.015Total elapsed time: 2.28 sec.
@I [HLS-100] Command "source C:/Xilinx/Vivado_HLS/2016.2/common/technology/xilinx/common/xilinx_old.lib "
@I [HLS-100] Command 'ap_source' returned 0; elapsed 0Total elapsed time: 2.28 sec.
@I [HLS-100] Command "source C:/Xilinx/Vivado_HLS/2016.2/common/technology/xilinx/common/xilinx_vivado.lib "
@I [HLS-100] Command 'ap_source' returned 0; elapsed 0.016Total elapsed time: 2.44 sec.
@I [HLS-100] Command "source C:/Xilinx/Vivado_HLS/2016.2/common/technology/xilinx/common/xilinx.hlp "
@I [HLS-100] Command "source C:/Xilinx/Vivado_HLS/2016.2/common/technology/xilinx/common/target_info.tcl "
@I [HLS-100] Command 'ap_source' returned 0; elapsed 0Total elapsed time: 2.44 sec.
@I [HLS-100] Command "source C:/Xilinx/Vivado_HLS/2016.2/common/technology/xilinx/interface/xilinx_interface.hlp "
@I [HLS-100] Command "source C:/Xilinx/Vivado_HLS/2016.2/common/technology/xilinx/interface/maxi.hlp "
@I [HLS-100] Command 'ap_source' returned 0; elapsed 0Total elapsed time: 2.44 sec.
@I [HLS-100] Command "source C:/Xilinx/Vivado_HLS/2016.2/common/technology/xilinx/interface/saxilite.hlp "
@I [HLS-100] Command 'ap_source' returned 0; elapsed 0Total elapsed time: 2.44 sec.
@I [HLS-100] Command 'ap_source' returned 0; elapsed 0Total elapsed time: 2.44 sec.
@I [HLS-100] Command "source C:/Xilinx/Vivado_HLS/2016.2/common/technology/xilinx/common/dsp48.hlp "
@I [HLS-100] Command 'ap_source' returned 0; elapsed 0Total elapsed time: 2.60 sec.
@I [HLS-100] Command 'ap_source' returned 0; elapsed 0.015Total elapsed time: 2.60 sec.
@I [HLS-100] Command "source C:/Xilinx/Vivado_HLS/2016.2/common/technology/xilinx/zynq/dsp48e1.hlp "
@I [HLS-100] Command 'ap_source' returned 0; elapsed 0Total elapsed time: 2.60 sec.
@I [HLS-100] Command "get_default_platform "
@I [HLS-100] Command 'get_default_platform' returned 0; elapsed 0Total elapsed time: 2.60 sec.
@I [HLS-100] Command "config_chip_info -quiet -resource  {SLICE 13300}  {LUT 53200}     {FF 106400} {DSP48E 220}   {BRAM 280}  "
@I [HLS-100] Command 'config_chip_info' returned 0; elapsed 0Total elapsed time: 2.60 sec.
@I [HLS-100] Command "config_chip_info -quiet -speed medium "
@I [HLS-100] Command 'config_chip_info' returned 0; elapsed 0Total elapsed time: 2.60 sec.
@I [HLS-100] Command 'import_lib' returned 0; elapsed 0.046Total elapsed time: 2.60 sec.
@I [HLS-100] Command "source C:/Xilinx/Vivado_HLS/2016.2/common/technology/xilinx/zynq/zynq.gen "
@I [HLS-100] Command "source C:/Xilinx/Vivado_HLS/2016.2/common/technology/xilinx/common/virtex.gen "
@I [HLS-100] Command "source C:/Xilinx/Vivado_HLS/2016.2/common/technology/xilinx/common/xilinx.gen "
@I [HLS-100] Command "source C:/Xilinx/Vivado_HLS/2016.2/common/technology/xilinx/interface/plb46.gen "
@I [HLS-100] Command 'ap_source' returned 0; elapsed 0Total elapsed time: 2.75 sec.
@I [HLS-100] Command "source C:/Xilinx/Vivado_HLS/2016.2/common/technology/xilinx/interface/fsl.gen "
@I [HLS-100] Command 'ap_source' returned 0; elapsed 0Total elapsed time: 2.75 sec.
@I [HLS-100] Command "source C:/Xilinx/Vivado_HLS/2016.2/common/technology/xilinx/interface/axi4.gen "
@I [HLS-100] Command 'ap_source' returned 0; elapsed 0Total elapsed time: 2.75 sec.
@I [HLS-100] Command "source C:/Xilinx/Vivado_HLS/2016.2/common/technology/xilinx/interface/nativeAXI4.gen "
@I [HLS-100] Command "source C:/Xilinx/Vivado_HLS/2016.2/common/technology/xilinx/interface/saxilite.gen "
@I [HLS-100] Command 'ap_source' returned 0; elapsed 0Total elapsed time: 2.91 sec.
@I [HLS-100] Command "source C:/Xilinx/Vivado_HLS/2016.2/common/technology/xilinx/interface/maxi.gen "
@I [HLS-100] Command 'ap_source' returned 0; elapsed 0.031Total elapsed time: 2.122 sec.
@I [HLS-100] Command 'ap_source' returned 0; elapsed 0.047Total elapsed time: 2.122 sec.
@I [HLS-100] Command "source C:/Xilinx/Vivado_HLS/2016.2/common/technology/xilinx/scripts/xilinxcoregen.gen "
@I [HLS-100] Command 'ap_source' returned 0; elapsed 0.031Total elapsed time: 2.153 sec.
@I [HLS-100] Command "source C:/Xilinx/Vivado_HLS/2016.2/common/technology/xilinx/interface/XilEDKCoreGen.gen "
@I [HLS-100] Command 'ap_source' returned 0; elapsed 0.016Total elapsed time: 2.169 sec.
@I [HLS-100] Command "source C:/Xilinx/Vivado_HLS/2016.2/common/technology/xilinx/ip/dds_compiler.gen "
@I [HLS-100] Command 'ap_source' returned 0; elapsed 0.015Total elapsed time: 2.184 sec.
@I [HLS-100] Command "source C:/Xilinx/Vivado_HLS/2016.2/common/technology/xilinx/ip/util.gen "
@I [HLS-100] Command 'ap_source' returned 0; elapsed 0Total elapsed time: 2.184 sec.
@I [HLS-100] Command "source C:/Xilinx/Vivado_HLS/2016.2/common/technology/xilinx/ip/xfft.gen "
@I [HLS-100] Command 'ap_source' returned 0; elapsed 0.297Total elapsed time: 2.481 sec.
@I [HLS-100] Command "source C:/Xilinx/Vivado_HLS/2016.2/common/technology/xilinx/ip/xfir.gen "
@I [HLS-100] Command 'ap_source' returned 0; elapsed 0Total elapsed time: 2.481 sec.
@I [HLS-100] Command 'ap_source' returned 0; elapsed 0.406Total elapsed time: 2.481 sec.
@I [HLS-100] Command "source C:/Xilinx/Vivado_HLS/2016.2/common/technology/xilinx/common/dsp48.gen "
@I [HLS-100] Command 'ap_source' returned 0; elapsed 0Total elapsed time: 2.496 sec.
@I [HLS-100] Command 'ap_source' returned 0; elapsed 0.437Total elapsed time: 2.496 sec.
@I [HLS-100] Command 'ap_source' returned 0; elapsed 0.437Total elapsed time: 2.496 sec.
@I [HLS-100] Command "set_part xc7z020clg484-1 "
@I [HLS-100] Command "add_library xilinx/zynq/zynq:xc7z020:clg484:-1 "
@I [HLS-100] Command "get_default_platform "
@I [HLS-100] Command 'get_default_platform' returned 0; elapsed 0Total elapsed time: 2.574 sec.
@I [HLS-100] Command "license_isbetapart xc7z020 "
@I [HLS-100] Command 'license_isbetapart' returned 1; elapsed 0.063Total elapsed time: 2.637 sec.
@I [HLS-100] Command "get_default_platform "
@I [HLS-100] Command 'get_default_platform' returned 0; elapsed 0Total elapsed time: 2.637 sec.
@I [HLS-100] Command "config_chip_info -quiet -resource  {SLICE 13300}  {LUT 53200}     {FF 106400} {DSP48E 220}   {BRAM 280}  "
@I [HLS-100] Command 'config_chip_info' returned 0; elapsed 0Total elapsed time: 2.637 sec.
@I [HLS-100] Command "config_chip_info -quiet -speed slow "
@I [HLS-100] Command 'config_chip_info' returned 0; elapsed 0Total elapsed time: 2.637 sec.
@I [HLS-100] Command 'add_library' returned 0; elapsed 0.063Total elapsed time: 2.637 sec.
@I [HLS-100] Command "add_library xilinx/zynq/zynq_fpv6 "
@I [HLS-100] Command "get_default_platform "
@I [HLS-100] Command 'get_default_platform' returned 0; elapsed 0Total elapsed time: 2.637 sec.
@I [HLS-100] Command "open_platform DefaultPlatform "
@I [HLS-100] Command 'open_platform' returned 0; elapsed 0Total elapsed time: 2.637 sec.
@I [HLS-100] Command "import_lib C:/Xilinx/Vivado_HLS/2016.2/common/technology/xilinx/zynq/zynq_fpv6 "
@I [HLS-100] Command "source C:/Xilinx/Vivado_HLS/2016.2/common/technology/xilinx/common/xilinx_fpv7.lib "
@I [HLS-100] Command "source C:/Xilinx/Vivado_HLS/2016.2/common/technology/xilinx/common/xilinx_hp.lib "
@I [HLS-100] Command 'ap_source' returned 0; elapsed 0Total elapsed time: 2.652 sec.
@I [HLS-100] Command 'ap_source' returned 0; elapsed 0.015Total elapsed time: 2.652 sec.
@I [HLS-100] Command "source C:/Xilinx/Vivado_HLS/2016.2/common/technology/xilinx/common/xilinx_fpv.hlp "
@I [HLS-100] Command "source C:/Xilinx/Vivado_HLS/2016.2/common/technology/xilinx/common/xilinx.hlp "
@I [HLS-100] Command "source C:/Xilinx/Vivado_HLS/2016.2/common/technology/xilinx/common/target_info.tcl "
@I [HLS-100] Command 'ap_source' returned 0; elapsed 0.047Total elapsed time: 2.715 sec.
@I [HLS-100] Command "source C:/Xilinx/Vivado_HLS/2016.2/common/technology/xilinx/interface/xilinx_interface.hlp "
@I [HLS-100] Command "source C:/Xilinx/Vivado_HLS/2016.2/common/technology/xilinx/interface/maxi.hlp "
@I [HLS-100] Command 'ap_source' returned 0; elapsed 0Total elapsed time: 2.715 sec.
@I [HLS-100] Command "source C:/Xilinx/Vivado_HLS/2016.2/common/technology/xilinx/interface/saxilite.hlp "
@I [HLS-100] Command 'ap_source' returned 0; elapsed 0Total elapsed time: 2.715 sec.
@I [HLS-100] Command 'ap_source' returned 0; elapsed 0Total elapsed time: 2.715 sec.
@I [HLS-100] Command "source C:/Xilinx/Vivado_HLS/2016.2/common/technology/xilinx/common/dsp48.hlp "
@I [HLS-100] Command 'ap_source' returned 0; elapsed 0Total elapsed time: 2.715 sec.
@I [HLS-100] Command 'ap_source' returned 0; elapsed 0.047Total elapsed time: 2.715 sec.
@I [HLS-100] Command 'ap_source' returned 0; elapsed 0.062Total elapsed time: 2.730 sec.
@I [HLS-100] Command "source C:/Xilinx/Vivado_HLS/2016.2/common/technology/xilinx/zynq/zynq_hp.hlp "
@I [HLS-100] Command 'ap_source' returned 0; elapsed 0Total elapsed time: 2.730 sec.
@I [HLS-100] Command 'import_lib' returned 0; elapsed 0.093Total elapsed time: 2.730 sec.
@I [HLS-100] Command "source C:/Xilinx/Vivado_HLS/2016.2/common/technology/xilinx/zynq/zynq_fpv6.gen "
@I [HLS-100] Command "source C:/Xilinx/Vivado_HLS/2016.2/common/technology/xilinx/common/xilinx_fpv6.gen "
@I [HLS-100] Command 'ap_source' returned 0; elapsed 0Total elapsed time: 2.746 sec.
@I [HLS-100] Command 'ap_source' returned 0; elapsed 0.016Total elapsed time: 2.746 sec.
@I [HLS-100] Command 'add_library' returned 0; elapsed 0.109Total elapsed time: 2.746 sec.
@I [HLS-10] Setting target device to 'xc7z020clg484-1'
@I [HLS-100] Command 'set_part' returned 0; elapsed 0.25Total elapsed time: 2.746 sec.
@I [HLS-100] Command "get_default_platform "
@I [HLS-100] Command 'get_default_platform' returned 0; elapsed 0Total elapsed time: 2.746 sec.
@I [HLS-100] Command "config_chip_info -quiet -resource  {SLICE 13300}  {LUT 53200}     {FF 106400} {DSP48E 220}   {BRAM 280}  "
@I [HLS-100] Command 'config_chip_info' returned 0; elapsed 0Total elapsed time: 2.746 sec.
@I [HLS-100] Command "config_chip_info -quiet -speed slow "
@I [HLS-100] Command 'config_chip_info' returned 0; elapsed 0Total elapsed time: 2.746 sec.
@I [HLS-100] Command 'open_solution' returned 0; elapsed 0.843Total elapsed time: 2.746 sec.
@I [HLS-100] Command "export_design -format ip_catalog "
@I [HLS-100] Command "source C:/Users/Emilia/Desktop/majne/inz/inzynierskie/jpet_geo/solution1/.autopilot/db/global.setting.tcl "
@I [HLS-100] Command 'ap_source' returned 0; elapsed 0Total elapsed time: 2.793 sec.
@I [HLS-100] Command "source C:/Xilinx/Vivado_HLS/2016.2/common/technology/generic/autopilot/common.gen "
@I [HLS-100] Command "source C:/Xilinx/Vivado_HLS/2016.2/common/technology/generic/autopilot/APCoreGen.gen "
@I [HLS-100] Command 'ap_source' returned 0; elapsed 0Total elapsed time: 2.808 sec.
@I [HLS-100] Command 'ap_source' returned 0; elapsed 0.016Total elapsed time: 2.824 sec.
@I [HLS-100] Command "source C:/Xilinx/Vivado_HLS/2016.2/common/technology/generic/autopilot/op.gen "
@I [HLS-100] Command 'ap_source' returned 0; elapsed 0Total elapsed time: 2.824 sec.
@I [HLS-100] Command "source C:/Xilinx/Vivado_HLS/2016.2/common/technology/generic/autopilot/op_simcore.gen "
@I [HLS-100] Command 'ap_source' returned 0; elapsed 0Total elapsed time: 2.824 sec.
@I [HLS-100] Command "source C:/Xilinx/Vivado_HLS/2016.2/common/technology/generic/autopilot/interface.gen "
@I [HLS-100] Command 'ap_source' returned 0; elapsed 0Total elapsed time: 2.824 sec.
@I [HLS-100] Command "source C:/Users/Emilia/Desktop/majne/inz/inzynierskie/jpet_geo/solution1/.autopilot/db/global.setting.tcl "
@I [HLS-100] Command 'ap_source' returned 0; elapsed 0Total elapsed time: 2.824 sec.
@I [HLS-100] Command "source C:/Xilinx/Vivado_HLS/2016.2/common/technology/xilinx/zynq/zynq.gen "
@I [HLS-100] Command "source C:/Xilinx/Vivado_HLS/2016.2/common/technology/xilinx/common/virtex.gen "
@I [HLS-100] Command "source C:/Xilinx/Vivado_HLS/2016.2/common/technology/xilinx/common/xilinx.gen "
@I [HLS-100] Command "source C:/Xilinx/Vivado_HLS/2016.2/common/technology/xilinx/interface/plb46.gen "
@I [HLS-100] Command 'ap_source' returned 0; elapsed 0Total elapsed time: 2.840 sec.
@I [HLS-100] Command "source C:/Xilinx/Vivado_HLS/2016.2/common/technology/xilinx/interface/fsl.gen "
@I [HLS-100] Command 'ap_source' returned 0; elapsed 0Total elapsed time: 2.840 sec.
@I [HLS-100] Command "source C:/Xilinx/Vivado_HLS/2016.2/common/technology/xilinx/interface/axi4.gen "
@I [HLS-100] Command 'ap_source' returned 0; elapsed 0.016Total elapsed time: 2.855 sec.
@I [HLS-100] Command "source C:/Xilinx/Vivado_HLS/2016.2/common/technology/xilinx/interface/nativeAXI4.gen "
@I [HLS-100] Command "source C:/Xilinx/Vivado_HLS/2016.2/common/technology/xilinx/interface/saxilite.gen "
@I [HLS-100] Command 'ap_source' returned 0; elapsed 0Total elapsed time: 2.855 sec.
@I [HLS-100] Command "source C:/Xilinx/Vivado_HLS/2016.2/common/technology/xilinx/interface/maxi.gen "
@I [HLS-100] Command 'ap_source' returned 0; elapsed 0.031Total elapsed time: 2.886 sec.
@I [HLS-100] Command 'ap_source' returned 0; elapsed 0.031Total elapsed time: 2.886 sec.
@I [HLS-100] Command "source C:/Xilinx/Vivado_HLS/2016.2/common/technology/xilinx/scripts/xilinxcoregen.gen "
@I [HLS-100] Command 'ap_source' returned 0; elapsed 0.031Total elapsed time: 2.918 sec.
@I [HLS-100] Command "source C:/Xilinx/Vivado_HLS/2016.2/common/technology/xilinx/interface/XilEDKCoreGen.gen "
@I [HLS-100] Command 'ap_source' returned 0; elapsed 0.016Total elapsed time: 2.933 sec.
@I [HLS-100] Command "source C:/Xilinx/Vivado_HLS/2016.2/common/technology/xilinx/ip/dds_compiler.gen "
@I [HLS-100] Command 'ap_source' returned 0; elapsed 0.016Total elapsed time: 2.949 sec.
@I [HLS-100] Command "source C:/Xilinx/Vivado_HLS/2016.2/common/technology/xilinx/ip/util.gen "
@I [HLS-100] Command 'ap_source' returned 0; elapsed 0Total elapsed time: 2.949 sec.
@I [HLS-100] Command "source C:/Xilinx/Vivado_HLS/2016.2/common/technology/xilinx/ip/xfft.gen "
@I [HLS-100] Command 'ap_source' returned 0; elapsed 0.28Total elapsed time: 3.230 sec.
@I [HLS-100] Command "source C:/Xilinx/Vivado_HLS/2016.2/common/technology/xilinx/ip/xfir.gen "
@I [HLS-100] Command 'ap_source' returned 0; elapsed 0Total elapsed time: 3.230 sec.
@I [HLS-100] Command 'ap_source' returned 0; elapsed 0.39Total elapsed time: 3.230 sec.
@I [HLS-100] Command "source C:/Xilinx/Vivado_HLS/2016.2/common/technology/xilinx/common/dsp48.gen "
@I [HLS-100] Command 'ap_source' returned 0; elapsed 0Total elapsed time: 3.230 sec.
@I [HLS-100] Command 'ap_source' returned 0; elapsed 0.421Total elapsed time: 3.245 sec.
@I [HLS-100] Command 'ap_source' returned 0; elapsed 0.421Total elapsed time: 3.245 sec.
@I [HLS-100] Command "source C:/Xilinx/Vivado_HLS/2016.2/common/technology/xilinx/zynq/zynq_fpv6.gen "
@I [HLS-100] Command "source C:/Xilinx/Vivado_HLS/2016.2/common/technology/xilinx/common/xilinx_fpv6.gen "
@I [HLS-100] Command 'ap_source' returned 0; elapsed 0Total elapsed time: 3.245 sec.
@I [HLS-100] Command 'ap_source' returned 0; elapsed 0Total elapsed time: 3.245 sec.
@I [HLS-100] Command "source C:/Users/Emilia/Desktop/majne/inz/inzynierskie/jpet_geo/solution1/.autopilot/db/global.setting.tcl "
@I [HLS-100] Command 'ap_source' returned 0; elapsed 0Total elapsed time: 3.276 sec.
@I [IMPL-8] Exporting RTL as an IP in IP-XACT.
@I [HLS-100] Command "source C:/Users/Emilia/Desktop/majne/inz/inzynierskie/jpet_geo/solution1/.autopilot/db/global.setting.tcl "
@I [HLS-100] Command 'ap_source' returned 0; elapsed 0.016Total elapsed time: 3.292 sec.
@I [HLS-100] Command "source C:/Users/Emilia/Desktop/majne/inz/inzynierskie/jpet_geo/solution1/.autopilot/db/global.setting.tcl "
@I [HLS-100] Command 'ap_source' returned 0; elapsed 0Total elapsed time: 3.308 sec.
@I [HLS-100] Command "source C:/Xilinx/Vivado_HLS/2016.2/common/technology/generic/autopilot/common.gen "
@I [HLS-100] Command "source C:/Xilinx/Vivado_HLS/2016.2/common/technology/generic/autopilot/APCoreGen.gen "
@I [HLS-100] Command 'ap_source' returned 0; elapsed 0Total elapsed time: 3.308 sec.
@I [HLS-100] Command 'ap_source' returned 0; elapsed 0Total elapsed time: 3.308 sec.
@I [HLS-100] Command "source C:/Xilinx/Vivado_HLS/2016.2/common/technology/generic/autopilot/op.gen "
@I [HLS-100] Command 'ap_source' returned 0; elapsed 0.016Total elapsed time: 3.323 sec.
@I [HLS-100] Command "source C:/Xilinx/Vivado_HLS/2016.2/common/technology/generic/autopilot/op_simcore.gen "
@I [HLS-100] Command 'ap_source' returned 0; elapsed 0Total elapsed time: 3.323 sec.
@I [HLS-100] Command "source C:/Xilinx/Vivado_HLS/2016.2/common/technology/generic/autopilot/interface.gen "
@I [HLS-100] Command 'ap_source' returned 0; elapsed 0Total elapsed time: 3.323 sec.
@I [HLS-100] Command "source C:/Users/Emilia/Desktop/majne/inz/inzynierskie/jpet_geo/solution1/.autopilot/db/global.setting.tcl "
@I [HLS-100] Command 'ap_source' returned 0; elapsed 0Total elapsed time: 3.323 sec.
@I [HLS-100] Command "source C:/Xilinx/Vivado_HLS/2016.2/common/technology/xilinx/zynq/zynq.gen "
@I [HLS-100] Command "source C:/Xilinx/Vivado_HLS/2016.2/common/technology/xilinx/common/virtex.gen "
@I [HLS-100] Command "source C:/Xilinx/Vivado_HLS/2016.2/common/technology/xilinx/common/xilinx.gen "
@I [HLS-100] Command "source C:/Xilinx/Vivado_HLS/2016.2/common/technology/xilinx/interface/plb46.gen "
@I [HLS-100] Command 'ap_source' returned 0; elapsed 0.016Total elapsed time: 3.339 sec.
@I [HLS-100] Command "source C:/Xilinx/Vivado_HLS/2016.2/common/technology/xilinx/interface/fsl.gen "
@I [HLS-100] Command 'ap_source' returned 0; elapsed 0Total elapsed time: 3.339 sec.
@I [HLS-100] Command "source C:/Xilinx/Vivado_HLS/2016.2/common/technology/xilinx/interface/axi4.gen "
@I [HLS-100] Command 'ap_source' returned 0; elapsed 0Total elapsed time: 3.339 sec.
@I [HLS-100] Command "source C:/Xilinx/Vivado_HLS/2016.2/common/technology/xilinx/interface/nativeAXI4.gen "
@I [HLS-100] Command "source C:/Xilinx/Vivado_HLS/2016.2/common/technology/xilinx/interface/saxilite.gen "
@I [HLS-100] Command 'ap_source' returned 0; elapsed 0.015Total elapsed time: 3.354 sec.
@I [HLS-100] Command "source C:/Xilinx/Vivado_HLS/2016.2/common/technology/xilinx/interface/maxi.gen "
@I [HLS-100] Command 'ap_source' returned 0; elapsed 0.016Total elapsed time: 3.370 sec.
@I [HLS-100] Command 'ap_source' returned 0; elapsed 0.031Total elapsed time: 3.370 sec.
@I [HLS-100] Command "source C:/Xilinx/Vivado_HLS/2016.2/common/technology/xilinx/scripts/xilinxcoregen.gen "
@I [HLS-100] Command 'ap_source' returned 0; elapsed 0.031Total elapsed time: 3.401 sec.
@I [HLS-100] Command "source C:/Xilinx/Vivado_HLS/2016.2/common/technology/xilinx/interface/XilEDKCoreGen.gen "
@I [HLS-100] Command 'ap_source' returned 0; elapsed 0.031Total elapsed time: 3.432 sec.
@I [HLS-100] Command "source C:/Xilinx/Vivado_HLS/2016.2/common/technology/xilinx/ip/dds_compiler.gen "
@I [HLS-100] Command 'ap_source' returned 0; elapsed 0Total elapsed time: 3.432 sec.
@I [HLS-100] Command "source C:/Xilinx/Vivado_HLS/2016.2/common/technology/xilinx/ip/util.gen "
@I [HLS-100] Command 'ap_source' returned 0; elapsed 0Total elapsed time: 3.432 sec.
@I [HLS-100] Command "source C:/Xilinx/Vivado_HLS/2016.2/common/technology/xilinx/ip/xfft.gen "
@I [HLS-100] Command 'ap_source' returned 0; elapsed 0.281Total elapsed time: 3.713 sec.
@I [HLS-100] Command "source C:/Xilinx/Vivado_HLS/2016.2/common/technology/xilinx/ip/xfir.gen "
@I [HLS-100] Command 'ap_source' returned 0; elapsed 0Total elapsed time: 3.729 sec.
@I [HLS-100] Command 'ap_source' returned 0; elapsed 0.406Total elapsed time: 3.729 sec.
@I [HLS-100] Command "source C:/Xilinx/Vivado_HLS/2016.2/common/technology/xilinx/common/dsp48.gen "
@I [HLS-100] Command 'ap_source' returned 0; elapsed 0Total elapsed time: 3.729 sec.
@I [HLS-100] Command 'ap_source' returned 0; elapsed 0.406Total elapsed time: 3.729 sec.
@I [HLS-100] Command 'ap_source' returned 0; elapsed 0.406Total elapsed time: 3.729 sec.
@I [HLS-100] Command "source C:/Xilinx/Vivado_HLS/2016.2/common/technology/xilinx/zynq/zynq_fpv6.gen "
@I [HLS-100] Command "source C:/Xilinx/Vivado_HLS/2016.2/common/technology/xilinx/common/xilinx_fpv6.gen "
@I [HLS-100] Command 'ap_source' returned 0; elapsed 0Total elapsed time: 3.729 sec.
@I [HLS-100] Command 'ap_source' returned 0; elapsed 0Total elapsed time: 3.729 sec.
@I [HLS-100] Command "source C:/Users/Emilia/Desktop/majne/inz/inzynierskie/jpet_geo/solution1/.autopilot/db/global.setting.tcl "
@I [HLS-100] Command 'ap_source' returned 0; elapsed 0.015Total elapsed time: 3.822 sec.
@I [HLS-100] Command "source C:/Users/Emilia/Desktop/majne/inz/inzynierskie/jpet_geo/solution1/.autopilot/db/global.setting.tcl "
@I [HLS-100] Command 'ap_source' returned 0; elapsed 0Total elapsed time: 3.822 sec.
@I [HLS-100] Command "source C:/Users/Emilia/Desktop/majne/inz/inzynierskie/jpet_geo/solution1/.autopilot/db/GetLocation.compgen.tcl "
@I [HLS-100] Command 'ap_source' returned 0; elapsed 0Total elapsed time: 3.838 sec.
@I [HLS-100] Command "source C:/Users/Emilia/Desktop/majne/inz/inzynierskie/jpet_geo/solution1/.autopilot/db/global.setting.tcl "
@I [HLS-100] Command 'ap_source' returned 0; elapsed 0Total elapsed time: 3.963 sec.
@I [HLS-100] Command "source C:/Users/Emilia/Desktop/majne/inz/inzynierskie/jpet_geo/solution1/.autopilot/db/global.setting.tcl "
@I [HLS-100] Command 'ap_source' returned 0; elapsed 0Total elapsed time: 3.963 sec.
@I [HLS-100] Command "source C:/Users/Emilia/Desktop/majne/inz/inzynierskie/jpet_geo/solution1/.autopilot/db/GetLocation.compgen.tcl "
@I [HLS-100] Command "source C:/Users/Emilia/Desktop/majne/inz/inzynierskie/jpet_geo/solution1/.autopilot/db/GetLocation.rtl_wrap.cfg.tcl "
@I [HLS-100] Command 'ap_source' returned 0; elapsed 0Total elapsed time: 3.978 sec.
@I [HLS-100] Command "source C:/Users/Emilia/Desktop/majne/inz/inzynierskie/jpet_geo/solution1/.autopilot/db/GetLocation.rtl_wrap.cfg.tcl "
@I [HLS-100] Command 'ap_source' returned 0; elapsed 0.094Total elapsed time: 4.72 sec.
@I [HLS-100] Command "source C:/Users/Emilia/Desktop/majne/inz/inzynierskie/jpet_geo/solution1/.autopilot/db/GetLocation.rtl_wrap.cfg.tcl "
@I [HLS-100] Command 'ap_source' returned 0; elapsed 0Total elapsed time: 4.88 sec.
@I [HLS-100] Command "source C:/Users/Emilia/Desktop/majne/inz/inzynierskie/jpet_geo/solution1/.autopilot/db/GetLocation.tbgen.tcl "
@I [HLS-100] Command 'ap_source' returned 0; elapsed 0Total elapsed time: 4.88 sec.
@I [HLS-100] Command "source C:/Users/Emilia/Desktop/majne/inz/inzynierskie/jpet_geo/solution1/.autopilot/db/GetLocation.tbgen.tcl "
@I [HLS-100] Command 'ap_source' returned 0; elapsed 0Total elapsed time: 4.88 sec.
@I [HLS-100] Command 'ap_source' returned 0; elapsed 0.218Total elapsed time: 4.181 sec.
@I [HLS-100] Command "source C:/Users/Emilia/Desktop/majne/inz/inzynierskie/jpet_geo/solution1/.autopilot/db/global.setting.tcl "
@I [HLS-100] Command 'ap_source' returned 0; elapsed 0Total elapsed time: 4.244 sec.
@I [HLS-100] Command "source C:/Users/Emilia/Desktop/majne/inz/inzynierskie/jpet_geo/solution1/.autopilot/db/global.setting.tcl "
@I [HLS-100] Command 'ap_source' returned 0; elapsed 0Total elapsed time: 4.259 sec.
@I [HLS-100] Command "source C:/Users/Emilia/Desktop/majne/inz/inzynierskie/jpet_geo/solution1/.autopilot/db/GetLocation.compgen.tcl "
@I [HLS-100] Command 'ap_source' returned 0; elapsed 0Total elapsed time: 4.259 sec.
@I [HLS-100] Command "source C:/Users/Emilia/Desktop/majne/inz/inzynierskie/jpet_geo/solution1/.autopilot/db/global.setting.tcl "
@I [HLS-100] Command 'ap_source' returned 0; elapsed 0Total elapsed time: 4.602 sec.
@I [HLS-100] Command "source C:/Users/Emilia/Desktop/majne/inz/inzynierskie/jpet_geo/solution1/.autopilot/db/GetLocation.constraint.tcl "
@I [HLS-100] Command 'ap_source' returned 0; elapsed 0Total elapsed time: 4.618 sec.
@I [HLS-100] Command "source C:/Users/Emilia/Desktop/majne/inz/inzynierskie/jpet_geo/solution1/.autopilot/db/GetLocation.rtl_wrap.cfg.tcl "
@I [HLS-100] Command 'ap_source' returned 0; elapsed 0Total elapsed time: 4.805 sec.
@I [HLS-100] Command "source C:/Users/Emilia/Desktop/majne/inz/inzynierskie/jpet_geo/solution1/.autopilot/db/GetLocation.rtl_wrap.cfg.tcl "
@I [HLS-100] Command 'ap_source' returned 0; elapsed 0.016Total elapsed time: 4.821 sec.
@I [HLS-100] Command "source C:/Users/Emilia/Desktop/majne/inz/inzynierskie/jpet_geo/solution1/.autopilot/db/GetLocation.rtl_wrap.cfg.tcl "
@I [HLS-100] Command 'ap_source' returned 0; elapsed 0Total elapsed time: 4.821 sec.
@I [HLS-100] Command "source C:/Users/Emilia/Desktop/majne/inz/inzynierskie/jpet_geo/solution1/.autopilot/db/GetLocation.tbgen.tcl "
@I [HLS-100] Command 'ap_source' returned 0; elapsed 0Total elapsed time: 4.821 sec.
@I [HLS-100] Command "source C:/Users/Emilia/Desktop/majne/inz/inzynierskie/jpet_geo/solution1/.autopilot/db/GetLocation.tbgen.tcl "
@I [HLS-100] Command 'ap_source' returned 0; elapsed 0.015Total elapsed time: 4.836 sec.
@I [HLS-100] Command "source C:/Users/Emilia/Desktop/majne/inz/inzynierskie/jpet_geo/solution1/.autopilot/db/global.setting.tcl "
@I [HLS-100] Command 'ap_source' returned 0; elapsed 0Total elapsed time: 4.883 sec.
@I [HLS-100] Command "source C:/Users/Emilia/Desktop/majne/inz/inzynierskie/jpet_geo/solution1/.autopilot/db/global.setting.tcl "
@I [HLS-100] Command 'ap_source' returned 0; elapsed 0.015Total elapsed time: 4.992 sec.
@I [HLS-100] Command "source C:/Users/Emilia/Desktop/majne/inz/inzynierskie/jpet_geo/solution1/.autopilot/db/global.setting.tcl "
@I [HLS-100] Command 'ap_source' returned 0; elapsed 0Total elapsed time: 5.8 sec.
@I [HLS-100] Command "source C:/Users/Emilia/Desktop/majne/inz/inzynierskie/jpet_geo/solution1/.autopilot/db/GetLocation.rtl_wrap.cfg.tcl "
@I [HLS-100] Command 'ap_source' returned 0; elapsed 0.015Total elapsed time: 5.24 sec.
@I [HLS-100] Command "source C:/Users/Emilia/Desktop/majne/inz/inzynierskie/jpet_geo/solution1/.autopilot/db/GetLocation.rtl_wrap.cfg.tcl "
@I [HLS-100] Command 'ap_source' returned 0; elapsed 0.094Total elapsed time: 5.117 sec.
@I [HLS-100] Command "source C:/Users/Emilia/Desktop/majne/inz/inzynierskie/jpet_geo/solution1/.autopilot/db/GetLocation.tbgen.tcl "
@I [HLS-100] Command 'ap_source' returned 0; elapsed 0Total elapsed time: 5.117 sec.
@I [HLS-100] Command "source C:/Users/Emilia/Desktop/majne/inz/inzynierskie/jpet_geo/solution1/.autopilot/db/GetLocation.tbgen.tcl "
@I [HLS-100] Command 'ap_source' returned 0; elapsed 0.016Total elapsed time: 5.133 sec.
@I [HLS-100] Command "source C:/Users/Emilia/Desktop/majne/inz/inzynierskie/jpet_geo/solution1/.autopilot/db/GetLocation.rtl_wrap.cfg.tcl "
@I [HLS-100] Command 'ap_source' returned 0; elapsed 0.015Total elapsed time: 5.180 sec.
@I [HLS-100] Command "source C:/Users/Emilia/Desktop/majne/inz/inzynierskie/jpet_geo/solution1/.autopilot/db/GetLocation.rtl_wrap.cfg.tcl "
@I [HLS-100] Command 'ap_source' returned 0; elapsed 0Total elapsed time: 5.180 sec.
@I [HLS-100] Command "source C:/Users/Emilia/Desktop/majne/inz/inzynierskie/jpet_geo/solution1/.autopilot/db/GetLocation.tbgen.tcl "
@I [HLS-100] Command 'ap_source' returned 0; elapsed 0Total elapsed time: 5.180 sec.
@I [HLS-100] Command "source C:/Users/Emilia/Desktop/majne/inz/inzynierskie/jpet_geo/solution1/.autopilot/db/GetLocation.tbgen.tcl "
@I [HLS-100] Command 'ap_source' returned 0; elapsed 0Total elapsed time: 5.180 sec.
@I [HLS-100] Command "source C:/Users/Emilia/Desktop/majne/inz/inzynierskie/jpet_geo/solution1/.autopilot/db/GetLocation.rtl_wrap.cfg.tcl "
@I [HLS-100] Command 'ap_source' returned 0; elapsed 0Total elapsed time: 5.226 sec.
@I [HLS-100] Command "source C:/Users/Emilia/Desktop/majne/inz/inzynierskie/jpet_geo/solution1/.autopilot/db/GetLocation.rtl_wrap.cfg.tcl "
@I [HLS-100] Command 'ap_source' returned 0; elapsed 0Total elapsed time: 5.226 sec.
@I [HLS-100] Command "source C:/Users/Emilia/Desktop/majne/inz/inzynierskie/jpet_geo/solution1/.autopilot/db/GetLocation.tbgen.tcl "
@I [HLS-100] Command 'ap_source' returned 0; elapsed 0.016Total elapsed time: 5.242 sec.
@I [HLS-100] Command "source C:/Users/Emilia/Desktop/majne/inz/inzynierskie/jpet_geo/solution1/.autopilot/db/GetLocation.tbgen.tcl "
@I [HLS-100] Command 'ap_source' returned 0; elapsed 0Total elapsed time: 5.242 sec.
@I [HLS-100] Command "source C:/Users/Emilia/Desktop/majne/inz/inzynierskie/jpet_geo/solution1/.autopilot/db/GetLocation.constraint.tcl "
@I [HLS-100] Command 'ap_source' returned 0; elapsed 0.016Total elapsed time: 5.289 sec.
@I [HLS-100] Command "source C:/Users/Emilia/Desktop/majne/inz/inzynierskie/jpet_geo/solution1/.autopilot/db/global.setting.tcl "
@I [HLS-100] Command 'ap_source' returned 0; elapsed 0Total elapsed time: 5.351 sec.
@I [HLS-100] Command "source C:/Users/Emilia/Desktop/majne/inz/inzynierskie/jpet_geo/solution1/.autopilot/db/global.setting.tcl "
@I [HLS-100] Command 'ap_source' returned 0; elapsed 0Total elapsed time: 5.414 sec.
@I [HLS-100] Command "source C:/Users/Emilia/Desktop/majne/inz/inzynierskie/jpet_geo/solution1/.autopilot/db/GetLocation.constraint.tcl "
@I [HLS-100] Command 'ap_source' returned 0; elapsed 0Total elapsed time: 5.414 sec.
@I [HLS-100] Command "source C:/Users/Emilia/Desktop/majne/inz/inzynierskie/jpet_geo/solution1/.autopilot/db/GetLocation.constraint.tcl "
@I [HLS-100] Command 'ap_source' returned 0; elapsed 0.016Total elapsed time: 5.429 sec.
@I [HLS-100] Command "source C:/Xilinx/Vivado_HLS/2016.2/common/technology/generic/autopilot/common.gen "
@I [HLS-100] Command "source C:/Xilinx/Vivado_HLS/2016.2/common/technology/generic/autopilot/APCoreGen.gen "
@I [HLS-100] Command 'ap_source' returned 0; elapsed 0Total elapsed time: 5.523 sec.
@I [HLS-100] Command 'ap_source' returned 0; elapsed 0.015Total elapsed time: 5.538 sec.
@I [HLS-100] Command "source C:/Xilinx/Vivado_HLS/2016.2/common/technology/generic/autopilot/op.gen "
@I [HLS-100] Command 'ap_source' returned 0; elapsed 0Total elapsed time: 5.538 sec.
@I [HLS-100] Command "source C:/Xilinx/Vivado_HLS/2016.2/common/technology/generic/autopilot/op_simcore.gen "
@I [HLS-100] Command 'ap_source' returned 0; elapsed 0Total elapsed time: 5.538 sec.
@I [HLS-100] Command "source C:/Xilinx/Vivado_HLS/2016.2/common/technology/generic/autopilot/interface.gen "
@I [HLS-100] Command 'ap_source' returned 0; elapsed 0Total elapsed time: 5.538 sec.
@I [HLS-100] Command "source C:/Users/Emilia/Desktop/majne/inz/inzynierskie/jpet_geo/solution1/.autopilot/db/global.setting.tcl "
@I [HLS-100] Command 'ap_source' returned 0; elapsed 0.811Total elapsed time: 6.350 sec.
@I [HLS-100] Command "source C:/Xilinx/Vivado_HLS/2016.2/common/technology/xilinx/zynq/zynq.gen "
@I [HLS-100] Command "source C:/Xilinx/Vivado_HLS/2016.2/common/technology/xilinx/common/virtex.gen "
@I [HLS-100] Command "source C:/Xilinx/Vivado_HLS/2016.2/common/technology/xilinx/common/xilinx.gen "
@I [HLS-100] Command "source C:/Xilinx/Vivado_HLS/2016.2/common/technology/xilinx/interface/plb46.gen "
@I [HLS-100] Command 'ap_source' returned 0; elapsed 0Total elapsed time: 6.365 sec.
@I [HLS-100] Command "source C:/Xilinx/Vivado_HLS/2016.2/common/technology/xilinx/interface/fsl.gen "
@I [HLS-100] Command 'ap_source' returned 0; elapsed 0Total elapsed time: 6.365 sec.
@I [HLS-100] Command "source C:/Xilinx/Vivado_HLS/2016.2/common/technology/xilinx/interface/axi4.gen "
@I [HLS-100] Command 'ap_source' returned 0; elapsed 0Total elapsed time: 6.365 sec.
@I [HLS-100] Command "source C:/Xilinx/Vivado_HLS/2016.2/common/technology/xilinx/interface/nativeAXI4.gen "
@I [HLS-100] Command "source C:/Xilinx/Vivado_HLS/2016.2/common/technology/xilinx/interface/saxilite.gen "
@I [HLS-100] Command 'ap_source' returned 0; elapsed 0.016Total elapsed time: 6.381 sec.
@I [HLS-100] Command "source C:/Xilinx/Vivado_HLS/2016.2/common/technology/xilinx/interface/maxi.gen "
@I [HLS-100] Command 'ap_source' returned 0; elapsed 0.031Total elapsed time: 6.412 sec.
@I [HLS-100] Command 'ap_source' returned 0; elapsed 0.047Total elapsed time: 6.412 sec.
@I [HLS-100] Command "source C:/Xilinx/Vivado_HLS/2016.2/common/technology/xilinx/scripts/xilinxcoregen.gen "
@I [HLS-100] Command 'ap_source' returned 0; elapsed 0.015Total elapsed time: 6.428 sec.
@I [HLS-100] Command "source C:/Xilinx/Vivado_HLS/2016.2/common/technology/xilinx/interface/XilEDKCoreGen.gen "
@I [HLS-100] Command 'ap_source' returned 0; elapsed 0.032Total elapsed time: 6.459 sec.
@I [HLS-100] Command "source C:/Xilinx/Vivado_HLS/2016.2/common/technology/xilinx/ip/dds_compiler.gen "
@I [HLS-100] Command 'ap_source' returned 0; elapsed 0.015Total elapsed time: 6.474 sec.
@I [HLS-100] Command "source C:/Xilinx/Vivado_HLS/2016.2/common/technology/xilinx/ip/util.gen "
@I [HLS-100] Command 'ap_source' returned 0; elapsed 0Total elapsed time: 6.474 sec.
@I [HLS-100] Command "source C:/Xilinx/Vivado_HLS/2016.2/common/technology/xilinx/ip/xfft.gen "
@I [HLS-100] Command 'ap_source' returned 0; elapsed 0.281Total elapsed time: 6.755 sec.
@I [HLS-100] Command "source C:/Xilinx/Vivado_HLS/2016.2/common/technology/xilinx/ip/xfir.gen "
@I [HLS-100] Command 'ap_source' returned 0; elapsed 0Total elapsed time: 6.755 sec.
@I [HLS-100] Command 'ap_source' returned 0; elapsed 0.39Total elapsed time: 6.755 sec.
@I [HLS-100] Command "source C:/Xilinx/Vivado_HLS/2016.2/common/technology/xilinx/common/dsp48.gen "
@I [HLS-100] Command 'ap_source' returned 0; elapsed 0Total elapsed time: 6.771 sec.
@I [HLS-100] Command 'ap_source' returned 0; elapsed 0.422Total elapsed time: 6.771 sec.
@I [HLS-100] Command 'ap_source' returned 0; elapsed 0.422Total elapsed time: 6.771 sec.
@I [HLS-100] Command "source C:/Xilinx/Vivado_HLS/2016.2/common/technology/xilinx/zynq/zynq_fpv6.gen "
@I [HLS-100] Command "source C:/Xilinx/Vivado_HLS/2016.2/common/technology/xilinx/common/xilinx_fpv6.gen "
@I [HLS-100] Command 'ap_source' returned 0; elapsed 0Total elapsed time: 6.771 sec.
@I [HLS-100] Command 'ap_source' returned 0; elapsed 0Total elapsed time: 6.771 sec.
@I [HLS-100] Command "source C:/Users/Emilia/Desktop/majne/inz/inzynierskie/jpet_geo/solution1/.autopilot/db/global.setting.tcl "
@I [HLS-100] Command 'ap_source' returned 0; elapsed 0.047Total elapsed time: 23.639 sec.
@I [HLS-100] Command "source C:/Xilinx/Vivado_HLS/2016.2/common/technology/generic/autopilot/common.gen "
@I [HLS-100] Command "source C:/Xilinx/Vivado_HLS/2016.2/common/technology/generic/autopilot/APCoreGen.gen "
@I [HLS-100] Command 'ap_source' returned 0; elapsed 0Total elapsed time: 23.655 sec.
@I [HLS-100] Command 'ap_source' returned 0; elapsed 0.015Total elapsed time: 23.671 sec.
@I [HLS-100] Command "source C:/Xilinx/Vivado_HLS/2016.2/common/technology/generic/autopilot/op.gen "
@I [HLS-100] Command 'ap_source' returned 0; elapsed 0Total elapsed time: 23.671 sec.
@I [HLS-100] Command "source C:/Xilinx/Vivado_HLS/2016.2/common/technology/generic/autopilot/op_simcore.gen "
@I [HLS-100] Command 'ap_source' returned 0; elapsed 0Total elapsed time: 23.671 sec.
@I [HLS-100] Command "source C:/Xilinx/Vivado_HLS/2016.2/common/technology/generic/autopilot/interface.gen "
@I [HLS-100] Command 'ap_source' returned 0; elapsed 0Total elapsed time: 23.671 sec.
@I [HLS-100] Command "source C:/Users/Emilia/Desktop/majne/inz/inzynierskie/jpet_geo/solution1/.autopilot/db/global.setting.tcl "
@I [HLS-100] Command 'ap_source' returned 0; elapsed 0Total elapsed time: 23.671 sec.
@I [HLS-100] Command "source C:/Xilinx/Vivado_HLS/2016.2/common/technology/xilinx/zynq/zynq.gen "
@I [HLS-100] Command "source C:/Xilinx/Vivado_HLS/2016.2/common/technology/xilinx/common/virtex.gen "
@I [HLS-100] Command "source C:/Xilinx/Vivado_HLS/2016.2/common/technology/xilinx/common/xilinx.gen "
@I [HLS-100] Command "source C:/Xilinx/Vivado_HLS/2016.2/common/technology/xilinx/interface/plb46.gen "
@I [HLS-100] Command 'ap_source' returned 0; elapsed 0Total elapsed time: 23.686 sec.
@I [HLS-100] Command "source C:/Xilinx/Vivado_HLS/2016.2/common/technology/xilinx/interface/fsl.gen "
@I [HLS-100] Command 'ap_source' returned 0; elapsed 0Total elapsed time: 23.686 sec.
@I [HLS-100] Command "source C:/Xilinx/Vivado_HLS/2016.2/common/technology/xilinx/interface/axi4.gen "
@I [HLS-100] Command 'ap_source' returned 0; elapsed 0Total elapsed time: 23.686 sec.
@I [HLS-100] Command "source C:/Xilinx/Vivado_HLS/2016.2/common/technology/xilinx/interface/nativeAXI4.gen "
@I [HLS-100] Command "source C:/Xilinx/Vivado_HLS/2016.2/common/technology/xilinx/interface/saxilite.gen "
@I [HLS-100] Command 'ap_source' returned 0; elapsed 0.016Total elapsed time: 23.702 sec.
@I [HLS-100] Command "source C:/Xilinx/Vivado_HLS/2016.2/common/technology/xilinx/interface/maxi.gen "
@I [HLS-100] Command 'ap_source' returned 0; elapsed 0.015Total elapsed time: 23.717 sec.
@I [HLS-100] Command 'ap_source' returned 0; elapsed 0.031Total elapsed time: 23.717 sec.
@I [HLS-100] Command "source C:/Xilinx/Vivado_HLS/2016.2/common/technology/xilinx/scripts/xilinxcoregen.gen "
@I [HLS-100] Command 'ap_source' returned 0; elapsed 0.031Total elapsed time: 23.749 sec.
@I [HLS-100] Command "source C:/Xilinx/Vivado_HLS/2016.2/common/technology/xilinx/interface/XilEDKCoreGen.gen "
@I [HLS-100] Command 'ap_source' returned 0; elapsed 0.032Total elapsed time: 23.780 sec.
@I [HLS-100] Command "source C:/Xilinx/Vivado_HLS/2016.2/common/technology/xilinx/ip/dds_compiler.gen "
@I [HLS-100] Command 'ap_source' returned 0; elapsed 0Total elapsed time: 23.780 sec.
@I [HLS-100] Command "source C:/Xilinx/Vivado_HLS/2016.2/common/technology/xilinx/ip/util.gen "
@I [HLS-100] Command 'ap_source' returned 0; elapsed 0.015Total elapsed time: 23.795 sec.
@I [HLS-100] Command "source C:/Xilinx/Vivado_HLS/2016.2/common/technology/xilinx/ip/xfft.gen "
@I [HLS-100] Command 'ap_source' returned 0; elapsed 0.281Total elapsed time: 24.76 sec.
@I [HLS-100] Command "source C:/Xilinx/Vivado_HLS/2016.2/common/technology/xilinx/ip/xfir.gen "
@I [HLS-100] Command 'ap_source' returned 0; elapsed 0Total elapsed time: 24.76 sec.
@I [HLS-100] Command 'ap_source' returned 0; elapsed 0.406Total elapsed time: 24.76 sec.
@I [HLS-100] Command "source C:/Xilinx/Vivado_HLS/2016.2/common/technology/xilinx/common/dsp48.gen "
@I [HLS-100] Command 'ap_source' returned 0; elapsed 0Total elapsed time: 24.76 sec.
@I [HLS-100] Command 'ap_source' returned 0; elapsed 0.406Total elapsed time: 24.76 sec.
@I [HLS-100] Command 'ap_source' returned 0; elapsed 0.406Total elapsed time: 24.76 sec.
@I [HLS-100] Command "source C:/Xilinx/Vivado_HLS/2016.2/common/technology/xilinx/zynq/zynq_fpv6.gen "
@I [HLS-100] Command "source C:/Xilinx/Vivado_HLS/2016.2/common/technology/xilinx/common/xilinx_fpv6.gen "
@I [HLS-100] Command 'ap_source' returned 0; elapsed 0.016Total elapsed time: 24.92 sec.
@I [HLS-100] Command 'ap_source' returned 0; elapsed 0.016Total elapsed time: 24.92 sec.
@I [HLS-100] Command "source C:/Users/Emilia/Desktop/majne/inz/inzynierskie/jpet_geo/solution1/.autopilot/db/global.setting.tcl "
@I [HLS-100] Command 'ap_source' returned 0; elapsed 0Total elapsed time: 24.154 sec.
@I [HLS-100] Command "source C:/Users/Emilia/Desktop/majne/inz/inzynierskie/jpet_geo/solution1/.autopilot/db/global.setting.tcl "
@I [HLS-100] Command 'ap_source' returned 0; elapsed 0.016Total elapsed time: 24.170 sec.
@I [HLS-100] Command "source C:/Users/Emilia/Desktop/majne/inz/inzynierskie/jpet_geo/solution1/.autopilot/db/global.setting.tcl "
@I [HLS-100] Command 'ap_source' returned 0; elapsed 0.015Total elapsed time: 24.185 sec.
@I [HLS-100] Command "source C:/Xilinx/Vivado_HLS/2016.2/common/technology/generic/autopilot/common.gen "
@I [HLS-100] Command "source C:/Xilinx/Vivado_HLS/2016.2/common/technology/generic/autopilot/APCoreGen.gen "
@I [HLS-100] Command 'ap_source' returned 0; elapsed 0Total elapsed time: 24.185 sec.
@I [HLS-100] Command 'ap_source' returned 0; elapsed 0Total elapsed time: 24.185 sec.
@I [HLS-100] Command "source C:/Xilinx/Vivado_HLS/2016.2/common/technology/generic/autopilot/op.gen "
@I [HLS-100] Command 'ap_source' returned 0; elapsed 0Total elapsed time: 24.185 sec.
@I [HLS-100] Command "source C:/Xilinx/Vivado_HLS/2016.2/common/technology/generic/autopilot/op_simcore.gen "
@I [HLS-100] Command 'ap_source' returned 0; elapsed 0.016Total elapsed time: 24.201 sec.
@I [HLS-100] Command "source C:/Xilinx/Vivado_HLS/2016.2/common/technology/generic/autopilot/interface.gen "
@I [HLS-100] Command 'ap_source' returned 0; elapsed 0Total elapsed time: 24.201 sec.
@I [HLS-100] Command "source C:/Users/Emilia/Desktop/majne/inz/inzynierskie/jpet_geo/solution1/.autopilot/db/global.setting.tcl "
@I [HLS-100] Command 'ap_source' returned 0; elapsed 0Total elapsed time: 24.201 sec.
@I [HLS-100] Command "source C:/Xilinx/Vivado_HLS/2016.2/common/technology/xilinx/zynq/zynq.gen "
@I [HLS-100] Command "source C:/Xilinx/Vivado_HLS/2016.2/common/technology/xilinx/common/virtex.gen "
@I [HLS-100] Command "source C:/Xilinx/Vivado_HLS/2016.2/common/technology/xilinx/common/xilinx.gen "
@I [HLS-100] Command "source C:/Xilinx/Vivado_HLS/2016.2/common/technology/xilinx/interface/plb46.gen "
@I [HLS-100] Command 'ap_source' returned 0; elapsed 0Total elapsed time: 24.201 sec.
@I [HLS-100] Command "source C:/Xilinx/Vivado_HLS/2016.2/common/technology/xilinx/interface/fsl.gen "
@I [HLS-100] Command 'ap_source' returned 0; elapsed 0.015Total elapsed time: 24.217 sec.
@I [HLS-100] Command "source C:/Xilinx/Vivado_HLS/2016.2/common/technology/xilinx/interface/axi4.gen "
@I [HLS-100] Command 'ap_source' returned 0; elapsed 0Total elapsed time: 24.217 sec.
@I [HLS-100] Command "source C:/Xilinx/Vivado_HLS/2016.2/common/technology/xilinx/interface/nativeAXI4.gen "
@I [HLS-100] Command "source C:/Xilinx/Vivado_HLS/2016.2/common/technology/xilinx/interface/saxilite.gen "
@I [HLS-100] Command 'ap_source' returned 0; elapsed 0.016Total elapsed time: 24.232 sec.
@I [HLS-100] Command "source C:/Xilinx/Vivado_HLS/2016.2/common/technology/xilinx/interface/maxi.gen "
@I [HLS-100] Command 'ap_source' returned 0; elapsed 0.016Total elapsed time: 24.248 sec.
@I [HLS-100] Command 'ap_source' returned 0; elapsed 0.032Total elapsed time: 24.248 sec.
@I [HLS-100] Command "source C:/Xilinx/Vivado_HLS/2016.2/common/technology/xilinx/scripts/xilinxcoregen.gen "
@I [HLS-100] Command 'ap_source' returned 0; elapsed 0.031Total elapsed time: 24.279 sec.
@I [HLS-100] Command "source C:/Xilinx/Vivado_HLS/2016.2/common/technology/xilinx/interface/XilEDKCoreGen.gen "
@I [HLS-100] Command 'ap_source' returned 0; elapsed 0.031Total elapsed time: 24.310 sec.
@I [HLS-100] Command "source C:/Xilinx/Vivado_HLS/2016.2/common/technology/xilinx/ip/dds_compiler.gen "
@I [HLS-100] Command 'ap_source' returned 0; elapsed 0Total elapsed time: 24.310 sec.
@I [HLS-100] Command "source C:/Xilinx/Vivado_HLS/2016.2/common/technology/xilinx/ip/util.gen "
@I [HLS-100] Command 'ap_source' returned 0; elapsed 0Total elapsed time: 24.310 sec.
@I [HLS-100] Command "source C:/Xilinx/Vivado_HLS/2016.2/common/technology/xilinx/ip/xfft.gen "
@I [HLS-100] Command 'ap_source' returned 0; elapsed 0.296Total elapsed time: 24.607 sec.
@I [HLS-100] Command "source C:/Xilinx/Vivado_HLS/2016.2/common/technology/xilinx/ip/xfir.gen "
@I [HLS-100] Command 'ap_source' returned 0; elapsed 0Total elapsed time: 24.607 sec.
@I [HLS-100] Command 'ap_source' returned 0; elapsed 0.405Total elapsed time: 24.607 sec.
@I [HLS-100] Command "source C:/Xilinx/Vivado_HLS/2016.2/common/technology/xilinx/common/dsp48.gen "
@I [HLS-100] Command 'ap_source' returned 0; elapsed 0Total elapsed time: 24.607 sec.
@I [HLS-100] Command 'ap_source' returned 0; elapsed 0.405Total elapsed time: 24.607 sec.
@I [HLS-100] Command 'ap_source' returned 0; elapsed 0.405Total elapsed time: 24.607 sec.
@I [HLS-100] Command "source C:/Xilinx/Vivado_HLS/2016.2/common/technology/xilinx/zynq/zynq_fpv6.gen "
@I [HLS-100] Command "source C:/Xilinx/Vivado_HLS/2016.2/common/technology/xilinx/common/xilinx_fpv6.gen "
@I [HLS-100] Command 'ap_source' returned 0; elapsed 0.016Total elapsed time: 24.622 sec.
@I [HLS-100] Command 'ap_source' returned 0; elapsed 0.016Total elapsed time: 24.622 sec.
@I [HLS-100] Command "source C:/Users/Emilia/Desktop/majne/inz/inzynierskie/jpet_geo/solution1/.autopilot/db/global.setting.tcl "
@I [HLS-100] Command 'ap_source' returned 0; elapsed 0Total elapsed time: 24.669 sec.
@I [HLS-100] Command "source C:/Users/Emilia/Desktop/majne/inz/inzynierskie/jpet_geo/solution1/.autopilot/db/global.setting.tcl "
@I [HLS-100] Command 'ap_source' returned 0; elapsed 0Total elapsed time: 24.669 sec.
@I [HLS-100] Command "source C:/Users/Emilia/Desktop/majne/inz/inzynierskie/jpet_geo/solution1/.autopilot/db/GetLocation.compgen.tcl "
@I [HLS-100] Command 'ap_source' returned 0; elapsed 0Total elapsed time: 24.685 sec.
@I [HLS-100] Command "source C:/Users/Emilia/Desktop/majne/inz/inzynierskie/jpet_geo/solution1/.autopilot/db/global.setting.tcl "
@I [HLS-100] Command 'ap_source' returned 0; elapsed 0Total elapsed time: 24.872 sec.
@I [HLS-100] Command "source C:/Users/Emilia/Desktop/majne/inz/inzynierskie/jpet_geo/solution1/.autopilot/db/GetLocation.constraint.tcl "
@I [HLS-100] Command 'ap_source' returned 0; elapsed 0Total elapsed time: 24.887 sec.
@I [HLS-100] Command "source C:/Xilinx/Vivado_HLS/2016.2/common/technology/generic/autopilot/common.gen "
@I [HLS-100] Command "source C:/Xilinx/Vivado_HLS/2016.2/common/technology/generic/autopilot/APCoreGen.gen "
@I [HLS-100] Command 'ap_source' returned 0; elapsed 0Total elapsed time: 24.934 sec.
@I [HLS-100] Command 'ap_source' returned 0; elapsed 0.016Total elapsed time: 24.950 sec.
@I [HLS-100] Command "source C:/Xilinx/Vivado_HLS/2016.2/common/technology/generic/autopilot/op.gen "
@I [HLS-100] Command 'ap_source' returned 0; elapsed 0Total elapsed time: 24.950 sec.
@I [HLS-100] Command "source C:/Xilinx/Vivado_HLS/2016.2/common/technology/generic/autopilot/op_simcore.gen "
@I [HLS-100] Command 'ap_source' returned 0; elapsed 0Total elapsed time: 24.950 sec.
@I [HLS-100] Command "source C:/Xilinx/Vivado_HLS/2016.2/common/technology/generic/autopilot/interface.gen "
@I [HLS-100] Command 'ap_source' returned 0; elapsed 0Total elapsed time: 24.950 sec.
@I [HLS-100] Command "source C:/Users/Emilia/Desktop/majne/inz/inzynierskie/jpet_geo/solution1/.autopilot/db/global.setting.tcl "
@I [HLS-100] Command 'ap_source' returned 0; elapsed 0.046Total elapsed time: 24.997 sec.
@I [HLS-100] Command "source C:/Xilinx/Vivado_HLS/2016.2/common/technology/xilinx/zynq/zynq.gen "
@I [HLS-100] Command "source C:/Xilinx/Vivado_HLS/2016.2/common/technology/xilinx/common/virtex.gen "
@I [HLS-100] Command "source C:/Xilinx/Vivado_HLS/2016.2/common/technology/xilinx/common/xilinx.gen "
@I [HLS-100] Command "source C:/Xilinx/Vivado_HLS/2016.2/common/technology/xilinx/interface/plb46.gen "
@I [HLS-100] Command 'ap_source' returned 0; elapsed 0Total elapsed time: 24.997 sec.
@I [HLS-100] Command "source C:/Xilinx/Vivado_HLS/2016.2/common/technology/xilinx/interface/fsl.gen "
@I [HLS-100] Command 'ap_source' returned 0; elapsed 0.016Total elapsed time: 25.12 sec.
@I [HLS-100] Command "source C:/Xilinx/Vivado_HLS/2016.2/common/technology/xilinx/interface/axi4.gen "
@I [HLS-100] Command 'ap_source' returned 0; elapsed 0Total elapsed time: 25.12 sec.
@I [HLS-100] Command "source C:/Xilinx/Vivado_HLS/2016.2/common/technology/xilinx/interface/nativeAXI4.gen "
@I [HLS-100] Command "source C:/Xilinx/Vivado_HLS/2016.2/common/technology/xilinx/interface/saxilite.gen "
@I [HLS-100] Command 'ap_source' returned 0; elapsed 0.016Total elapsed time: 25.28 sec.
@I [HLS-100] Command "source C:/Xilinx/Vivado_HLS/2016.2/common/technology/xilinx/interface/maxi.gen "
@I [HLS-100] Command 'ap_source' returned 0; elapsed 0.015Total elapsed time: 25.43 sec.
@I [HLS-100] Command 'ap_source' returned 0; elapsed 0.031Total elapsed time: 25.43 sec.
@I [HLS-100] Command "source C:/Xilinx/Vivado_HLS/2016.2/common/technology/xilinx/scripts/xilinxcoregen.gen "
@I [HLS-100] Command 'ap_source' returned 0; elapsed 0.031Total elapsed time: 25.75 sec.
@I [HLS-100] Command "source C:/Xilinx/Vivado_HLS/2016.2/common/technology/xilinx/interface/XilEDKCoreGen.gen "
@I [HLS-100] Command 'ap_source' returned 0; elapsed 0.032Total elapsed time: 25.106 sec.
@I [HLS-100] Command "source C:/Xilinx/Vivado_HLS/2016.2/common/technology/xilinx/ip/dds_compiler.gen "
@I [HLS-100] Command 'ap_source' returned 0; elapsed 0Total elapsed time: 25.106 sec.
@I [HLS-100] Command "source C:/Xilinx/Vivado_HLS/2016.2/common/technology/xilinx/ip/util.gen "
@I [HLS-100] Command 'ap_source' returned 0; elapsed 0.015Total elapsed time: 25.121 sec.
@I [HLS-100] Command "source C:/Xilinx/Vivado_HLS/2016.2/common/technology/xilinx/ip/xfft.gen "
@I [HLS-100] Command 'ap_source' returned 0; elapsed 0.281Total elapsed time: 25.402 sec.
@I [HLS-100] Command "source C:/Xilinx/Vivado_HLS/2016.2/common/technology/xilinx/ip/xfir.gen "
@I [HLS-100] Command 'ap_source' returned 0; elapsed 0Total elapsed time: 25.402 sec.
@I [HLS-100] Command 'ap_source' returned 0; elapsed 0.406Total elapsed time: 25.402 sec.
@I [HLS-100] Command "source C:/Xilinx/Vivado_HLS/2016.2/common/technology/xilinx/common/dsp48.gen "
@I [HLS-100] Command 'ap_source' returned 0; elapsed 0Total elapsed time: 25.402 sec.
@I [HLS-100] Command 'ap_source' returned 0; elapsed 0.406Total elapsed time: 25.402 sec.
@I [HLS-100] Command 'ap_source' returned 0; elapsed 0.406Total elapsed time: 25.402 sec.
@I [HLS-100] Command "source C:/Xilinx/Vivado_HLS/2016.2/common/technology/xilinx/zynq/zynq_fpv6.gen "
@I [HLS-100] Command "source C:/Xilinx/Vivado_HLS/2016.2/common/technology/xilinx/common/xilinx_fpv6.gen "
@I [HLS-100] Command 'ap_source' returned 0; elapsed 0.016Total elapsed time: 25.418 sec.
@I [HLS-100] Command 'ap_source' returned 0; elapsed 0.016Total elapsed time: 25.418 sec.
@I [HLS-100] Command "source C:/Users/Emilia/Desktop/majne/inz/inzynierskie/jpet_geo/solution1/.autopilot/db/global.setting.tcl "
@I [HLS-100] Command 'ap_source' returned 0; elapsed 0.015Total elapsed time: 25.511 sec.
@I [HLS-100] Command "source C:/Users/Emilia/Desktop/majne/inz/inzynierskie/jpet_geo/solution1/.autopilot/db/global.setting.tcl "
@I [HLS-100] Command 'ap_source' returned 0; elapsed 0.016Total elapsed time: 39.351 sec.
@I [HLS-100] Command "source C:/Xilinx/Vivado_HLS/2016.2/common/technology/generic/autopilot/common.gen "
@I [HLS-100] Command "source C:/Xilinx/Vivado_HLS/2016.2/common/technology/generic/autopilot/APCoreGen.gen "
@I [HLS-100] Command 'ap_source' returned 0; elapsed 0Total elapsed time: 39.367 sec.
@I [HLS-100] Command 'ap_source' returned 0; elapsed 0Total elapsed time: 39.367 sec.
@I [HLS-100] Command "source C:/Xilinx/Vivado_HLS/2016.2/common/technology/generic/autopilot/op.gen "
@I [HLS-100] Command 'ap_source' returned 0; elapsed 0Total elapsed time: 39.367 sec.
@I [HLS-100] Command "source C:/Xilinx/Vivado_HLS/2016.2/common/technology/generic/autopilot/op_simcore.gen "
@I [HLS-100] Command 'ap_source' returned 0; elapsed 0Total elapsed time: 39.367 sec.
@I [HLS-100] Command "source C:/Xilinx/Vivado_HLS/2016.2/common/technology/generic/autopilot/interface.gen "
@I [HLS-100] Command 'ap_source' returned 0; elapsed 0Total elapsed time: 39.367 sec.
@I [HLS-100] Command "source C:/Users/Emilia/Desktop/majne/inz/inzynierskie/jpet_geo/solution1/.autopilot/db/global.setting.tcl "
@I [HLS-100] Command 'ap_source' returned 0; elapsed 0.047Total elapsed time: 39.414 sec.
@I [HLS-100] Command "source C:/Xilinx/Vivado_HLS/2016.2/common/technology/xilinx/zynq/zynq.gen "
@I [HLS-100] Command "source C:/Xilinx/Vivado_HLS/2016.2/common/technology/xilinx/common/virtex.gen "
@I [HLS-100] Command "source C:/Xilinx/Vivado_HLS/2016.2/common/technology/xilinx/common/xilinx.gen "
@I [HLS-100] Command "source C:/Xilinx/Vivado_HLS/2016.2/common/technology/xilinx/interface/plb46.gen "
@I [HLS-100] Command 'ap_source' returned 0; elapsed 0Total elapsed time: 39.429 sec.
@I [HLS-100] Command "source C:/Xilinx/Vivado_HLS/2016.2/common/technology/xilinx/interface/fsl.gen "
@I [HLS-100] Command 'ap_source' returned 0; elapsed 0Total elapsed time: 39.429 sec.
@I [HLS-100] Command "source C:/Xilinx/Vivado_HLS/2016.2/common/technology/xilinx/interface/axi4.gen "
@I [HLS-100] Command 'ap_source' returned 0; elapsed 0Total elapsed time: 39.429 sec.
@I [HLS-100] Command "source C:/Xilinx/Vivado_HLS/2016.2/common/technology/xilinx/interface/nativeAXI4.gen "
@I [HLS-100] Command "source C:/Xilinx/Vivado_HLS/2016.2/common/technology/xilinx/interface/saxilite.gen "
@I [HLS-100] Command 'ap_source' returned 0; elapsed 0.015Total elapsed time: 39.445 sec.
@I [HLS-100] Command "source C:/Xilinx/Vivado_HLS/2016.2/common/technology/xilinx/interface/maxi.gen "
@I [HLS-100] Command 'ap_source' returned 0; elapsed 0.016Total elapsed time: 39.460 sec.
@I [HLS-100] Command 'ap_source' returned 0; elapsed 0.047Total elapsed time: 39.476 sec.
@I [HLS-100] Command "source C:/Xilinx/Vivado_HLS/2016.2/common/technology/xilinx/scripts/xilinxcoregen.gen "
@I [HLS-100] Command 'ap_source' returned 0; elapsed 0.015Total elapsed time: 39.492 sec.
@I [HLS-100] Command "source C:/Xilinx/Vivado_HLS/2016.2/common/technology/xilinx/interface/XilEDKCoreGen.gen "
@I [HLS-100] Command 'ap_source' returned 0; elapsed 0.031Total elapsed time: 39.523 sec.
@I [HLS-100] Command "source C:/Xilinx/Vivado_HLS/2016.2/common/technology/xilinx/ip/dds_compiler.gen "
@I [HLS-100] Command 'ap_source' returned 0; elapsed 0.016Total elapsed time: 39.538 sec.
@I [HLS-100] Command "source C:/Xilinx/Vivado_HLS/2016.2/common/technology/xilinx/ip/util.gen "
@I [HLS-100] Command 'ap_source' returned 0; elapsed 0Total elapsed time: 39.538 sec.
@I [HLS-100] Command "source C:/Xilinx/Vivado_HLS/2016.2/common/technology/xilinx/ip/xfft.gen "
@I [HLS-100] Command 'ap_source' returned 0; elapsed 0.281Total elapsed time: 39.819 sec.
@I [HLS-100] Command "source C:/Xilinx/Vivado_HLS/2016.2/common/technology/xilinx/ip/xfir.gen "
@I [HLS-100] Command 'ap_source' returned 0; elapsed 0Total elapsed time: 39.819 sec.
@I [HLS-100] Command 'ap_source' returned 0; elapsed 0.39Total elapsed time: 39.819 sec.
@I [HLS-100] Command "source C:/Xilinx/Vivado_HLS/2016.2/common/technology/xilinx/common/dsp48.gen "
@I [HLS-100] Command 'ap_source' returned 0; elapsed 0Total elapsed time: 39.819 sec.
@I [HLS-100] Command 'ap_source' returned 0; elapsed 0.406Total elapsed time: 39.819 sec.
@I [HLS-100] Command 'ap_source' returned 0; elapsed 0.406Total elapsed time: 39.819 sec.
@I [HLS-100] Command "source C:/Xilinx/Vivado_HLS/2016.2/common/technology/xilinx/zynq/zynq_fpv6.gen "
@I [HLS-100] Command "source C:/Xilinx/Vivado_HLS/2016.2/common/technology/xilinx/common/xilinx_fpv6.gen "
@I [HLS-100] Command 'ap_source' returned 0; elapsed 0.015Total elapsed time: 39.835 sec.
@I [HLS-100] Command 'ap_source' returned 0; elapsed 0.015Total elapsed time: 39.835 sec.
@I [HLS-100] Command "source C:/Users/Emilia/Desktop/majne/inz/inzynierskie/jpet_geo/solution1/.autopilot/db/global.setting.tcl "
@I [HLS-100] Command 'ap_source' returned 0; elapsed 0Total elapsed time: 39.897 sec.
@I [HLS-100] Command "source C:/Users/Emilia/Desktop/majne/inz/inzynierskie/jpet_geo/solution1/.autopilot/db/global.setting.tcl "
@I [HLS-100] Command 'ap_source' returned 0; elapsed 0Total elapsed time: 39.897 sec.
@I [HLS-100] Command "source C:/Users/Emilia/Desktop/majne/inz/inzynierskie/jpet_geo/solution1/.autopilot/db/global.setting.tcl "
@I [HLS-100] Command 'ap_source' returned 0; elapsed 0Total elapsed time: 39.913 sec.
@I [HLS-100] Command "source C:/Xilinx/Vivado_HLS/2016.2/common/technology/generic/autopilot/common.gen "
@I [HLS-100] Command "source C:/Xilinx/Vivado_HLS/2016.2/common/technology/generic/autopilot/APCoreGen.gen "
@I [HLS-100] Command 'ap_source' returned 0; elapsed 0Total elapsed time: 39.928 sec.
@I [HLS-100] Command 'ap_source' returned 0; elapsed 0Total elapsed time: 39.928 sec.
@I [HLS-100] Command "source C:/Xilinx/Vivado_HLS/2016.2/common/technology/generic/autopilot/op.gen "
@I [HLS-100] Command 'ap_source' returned 0; elapsed 0Total elapsed time: 39.928 sec.
@I [HLS-100] Command "source C:/Xilinx/Vivado_HLS/2016.2/common/technology/generic/autopilot/op_simcore.gen "
@I [HLS-100] Command 'ap_source' returned 0; elapsed 0.016Total elapsed time: 39.944 sec.
@I [HLS-100] Command "source C:/Xilinx/Vivado_HLS/2016.2/common/technology/generic/autopilot/interface.gen "
@I [HLS-100] Command 'ap_source' returned 0; elapsed 0Total elapsed time: 39.944 sec.
@I [HLS-100] Command "source C:/Users/Emilia/Desktop/majne/inz/inzynierskie/jpet_geo/solution1/.autopilot/db/global.setting.tcl "
@I [HLS-100] Command 'ap_source' returned 0; elapsed 0Total elapsed time: 39.944 sec.
@I [HLS-100] Command "source C:/Xilinx/Vivado_HLS/2016.2/common/technology/xilinx/zynq/zynq.gen "
@I [HLS-100] Command "source C:/Xilinx/Vivado_HLS/2016.2/common/technology/xilinx/common/virtex.gen "
@I [HLS-100] Command "source C:/Xilinx/Vivado_HLS/2016.2/common/technology/xilinx/common/xilinx.gen "
@I [HLS-100] Command "source C:/Xilinx/Vivado_HLS/2016.2/common/technology/xilinx/interface/plb46.gen "
@I [HLS-100] Command 'ap_source' returned 0; elapsed 0Total elapsed time: 39.944 sec.
@I [HLS-100] Command "source C:/Xilinx/Vivado_HLS/2016.2/common/technology/xilinx/interface/fsl.gen "
@I [HLS-100] Command 'ap_source' returned 0; elapsed 0Total elapsed time: 39.944 sec.
@I [HLS-100] Command "source C:/Xilinx/Vivado_HLS/2016.2/common/technology/xilinx/interface/axi4.gen "
@I [HLS-100] Command 'ap_source' returned 0; elapsed 0.015Total elapsed time: 39.960 sec.
@I [HLS-100] Command "source C:/Xilinx/Vivado_HLS/2016.2/common/technology/xilinx/interface/nativeAXI4.gen "
@I [HLS-100] Command "source C:/Xilinx/Vivado_HLS/2016.2/common/technology/xilinx/interface/saxilite.gen "
@I [HLS-100] Command 'ap_source' returned 0; elapsed 0.016Total elapsed time: 39.975 sec.
@I [HLS-100] Command "source C:/Xilinx/Vivado_HLS/2016.2/common/technology/xilinx/interface/maxi.gen "
@I [HLS-100] Command 'ap_source' returned 0; elapsed 0.015Total elapsed time: 39.991 sec.
@I [HLS-100] Command 'ap_source' returned 0; elapsed 0.031Total elapsed time: 39.991 sec.
@I [HLS-100] Command "source C:/Xilinx/Vivado_HLS/2016.2/common/technology/xilinx/scripts/xilinxcoregen.gen "
@I [HLS-100] Command 'ap_source' returned 0; elapsed 0.032Total elapsed time: 40.22 sec.
@I [HLS-100] Command "source C:/Xilinx/Vivado_HLS/2016.2/common/technology/xilinx/interface/XilEDKCoreGen.gen "
@I [HLS-100] Command 'ap_source' returned 0; elapsed 0.015Total elapsed time: 40.38 sec.
@I [HLS-100] Command "source C:/Xilinx/Vivado_HLS/2016.2/common/technology/xilinx/ip/dds_compiler.gen "
@I [HLS-100] Command 'ap_source' returned 0; elapsed 0.016Total elapsed time: 40.53 sec.
@I [HLS-100] Command "source C:/Xilinx/Vivado_HLS/2016.2/common/technology/xilinx/ip/util.gen "
@I [HLS-100] Command 'ap_source' returned 0; elapsed 0Total elapsed time: 40.53 sec.
@I [HLS-100] Command "source C:/Xilinx/Vivado_HLS/2016.2/common/technology/xilinx/ip/xfft.gen "
@I [HLS-100] Command 'ap_source' returned 0; elapsed 0.296Total elapsed time: 40.350 sec.
@I [HLS-100] Command "source C:/Xilinx/Vivado_HLS/2016.2/common/technology/xilinx/ip/xfir.gen "
@I [HLS-100] Command 'ap_source' returned 0; elapsed 0Total elapsed time: 40.350 sec.
@I [HLS-100] Command 'ap_source' returned 0; elapsed 0.405Total elapsed time: 40.350 sec.
@I [HLS-100] Command "source C:/Xilinx/Vivado_HLS/2016.2/common/technology/xilinx/common/dsp48.gen "
@I [HLS-100] Command 'ap_source' returned 0; elapsed 0Total elapsed time: 40.350 sec.
@I [HLS-100] Command 'ap_source' returned 0; elapsed 0.405Total elapsed time: 40.350 sec.
@I [HLS-100] Command 'ap_source' returned 0; elapsed 0.405Total elapsed time: 40.350 sec.
@I [HLS-100] Command "source C:/Xilinx/Vivado_HLS/2016.2/common/technology/xilinx/zynq/zynq_fpv6.gen "
@I [HLS-100] Command "source C:/Xilinx/Vivado_HLS/2016.2/common/technology/xilinx/common/xilinx_fpv6.gen "
@I [HLS-100] Command 'ap_source' returned 0; elapsed 0Total elapsed time: 40.350 sec.
@I [HLS-100] Command 'ap_source' returned 0; elapsed 0Total elapsed time: 40.350 sec.
@I [HLS-100] Command "source C:/Users/Emilia/Desktop/majne/inz/inzynierskie/jpet_geo/solution1/.autopilot/db/global.setting.tcl "
@I [HLS-100] Command 'ap_source' returned 0; elapsed 0Total elapsed time: 40.459 sec.
@I [HLS-100] Command "source C:/Users/Emilia/Desktop/majne/inz/inzynierskie/jpet_geo/solution1/.autopilot/db/global.setting.tcl "
@I [HLS-100] Command 'ap_source' returned 0; elapsed 0.016Total elapsed time: 40.474 sec.
@I [HLS-100] Command "source C:/Users/Emilia/Desktop/majne/inz/inzynierskie/jpet_geo/solution1/.autopilot/db/GetLocation.compgen.tcl "
@I [HLS-100] Command 'ap_source' returned 0; elapsed 0Total elapsed time: 40.474 sec.
@I [HLS-100] Command "source C:/Users/Emilia/Desktop/majne/inz/inzynierskie/jpet_geo/solution1/.autopilot/db/global.setting.tcl "
@I [HLS-100] Command 'ap_source' returned 0; elapsed 0Total elapsed time: 40.677 sec.
@I [HLS-100] Command "source C:/Users/Emilia/Desktop/majne/inz/inzynierskie/jpet_geo/solution1/.autopilot/db/GetLocation.constraint.tcl "
@I [HLS-100] Command 'ap_source' returned 0; elapsed 0Total elapsed time: 40.677 sec.
@I [HLS-100] Command "source C:/Xilinx/Vivado_HLS/2016.2/common/technology/generic/autopilot/common.gen "
@I [HLS-100] Command "source C:/Xilinx/Vivado_HLS/2016.2/common/technology/generic/autopilot/APCoreGen.gen "
@I [HLS-100] Command 'ap_source' returned 0; elapsed 0.015Total elapsed time: 40.740 sec.
@I [HLS-100] Command 'ap_source' returned 0; elapsed 0.015Total elapsed time: 40.740 sec.
@I [HLS-100] Command "source C:/Xilinx/Vivado_HLS/2016.2/common/technology/generic/autopilot/op.gen "
@I [HLS-100] Command 'ap_source' returned 0; elapsed 0Total elapsed time: 40.740 sec.
@I [HLS-100] Command "source C:/Xilinx/Vivado_HLS/2016.2/common/technology/generic/autopilot/op_simcore.gen "
@I [HLS-100] Command 'ap_source' returned 0; elapsed 0Total elapsed time: 40.740 sec.
@I [HLS-100] Command "source C:/Xilinx/Vivado_HLS/2016.2/common/technology/generic/autopilot/interface.gen "
@I [HLS-100] Command 'ap_source' returned 0; elapsed 0Total elapsed time: 40.740 sec.
@I [HLS-100] Command "source C:/Users/Emilia/Desktop/majne/inz/inzynierskie/jpet_geo/solution1/.autopilot/db/global.setting.tcl "
@I [HLS-100] Command 'ap_source' returned 0; elapsed 0.016Total elapsed time: 40.755 sec.
@I [HLS-100] Command "source C:/Xilinx/Vivado_HLS/2016.2/common/technology/xilinx/zynq/zynq.gen "
@I [HLS-100] Command "source C:/Xilinx/Vivado_HLS/2016.2/common/technology/xilinx/common/virtex.gen "
@I [HLS-100] Command "source C:/Xilinx/Vivado_HLS/2016.2/common/technology/xilinx/common/xilinx.gen "
@I [HLS-100] Command "source C:/Xilinx/Vivado_HLS/2016.2/common/technology/xilinx/interface/plb46.gen "
@I [HLS-100] Command 'ap_source' returned 0; elapsed 0Total elapsed time: 40.755 sec.
@I [HLS-100] Command "source C:/Xilinx/Vivado_HLS/2016.2/common/technology/xilinx/interface/fsl.gen "
@I [HLS-100] Command 'ap_source' returned 0; elapsed 0Total elapsed time: 40.755 sec.
@I [HLS-100] Command "source C:/Xilinx/Vivado_HLS/2016.2/common/technology/xilinx/interface/axi4.gen "
@I [HLS-100] Command 'ap_source' returned 0; elapsed 0.015Total elapsed time: 40.771 sec.
@I [HLS-100] Command "source C:/Xilinx/Vivado_HLS/2016.2/common/technology/xilinx/interface/nativeAXI4.gen "
@I [HLS-100] Command "source C:/Xilinx/Vivado_HLS/2016.2/common/technology/xilinx/interface/saxilite.gen "
@I [HLS-100] Command 'ap_source' returned 0; elapsed 0Total elapsed time: 40.771 sec.
@I [HLS-100] Command "source C:/Xilinx/Vivado_HLS/2016.2/common/technology/xilinx/interface/maxi.gen "
@I [HLS-100] Command 'ap_source' returned 0; elapsed 0.032Total elapsed time: 40.802 sec.
@I [HLS-100] Command 'ap_source' returned 0; elapsed 0.032Total elapsed time: 40.802 sec.
@I [HLS-100] Command "source C:/Xilinx/Vivado_HLS/2016.2/common/technology/xilinx/scripts/xilinxcoregen.gen "
@I [HLS-100] Command 'ap_source' returned 0; elapsed 0.031Total elapsed time: 40.833 sec.
@I [HLS-100] Command "source C:/Xilinx/Vivado_HLS/2016.2/common/technology/xilinx/interface/XilEDKCoreGen.gen "
@I [HLS-100] Command 'ap_source' returned 0; elapsed 0.015Total elapsed time: 40.849 sec.
@I [HLS-100] Command "source C:/Xilinx/Vivado_HLS/2016.2/common/technology/xilinx/ip/dds_compiler.gen "
@I [HLS-100] Command 'ap_source' returned 0; elapsed 0.016Total elapsed time: 40.864 sec.
@I [HLS-100] Command "source C:/Xilinx/Vivado_HLS/2016.2/common/technology/xilinx/ip/util.gen "
@I [HLS-100] Command 'ap_source' returned 0; elapsed 0Total elapsed time: 40.864 sec.
@I [HLS-100] Command "source C:/Xilinx/Vivado_HLS/2016.2/common/technology/xilinx/ip/xfft.gen "
@I [HLS-100] Command 'ap_source' returned 0; elapsed 0.281Total elapsed time: 41.145 sec.
@I [HLS-100] Command "source C:/Xilinx/Vivado_HLS/2016.2/common/technology/xilinx/ip/xfir.gen "
@I [HLS-100] Command 'ap_source' returned 0; elapsed 0Total elapsed time: 41.145 sec.
@I [HLS-100] Command 'ap_source' returned 0; elapsed 0.405Total elapsed time: 41.161 sec.
@I [HLS-100] Command "source C:/Xilinx/Vivado_HLS/2016.2/common/technology/xilinx/common/dsp48.gen "
@I [HLS-100] Command 'ap_source' returned 0; elapsed 0Total elapsed time: 41.161 sec.
@I [HLS-100] Command 'ap_source' returned 0; elapsed 0.405Total elapsed time: 41.161 sec.
@I [HLS-100] Command 'ap_source' returned 0; elapsed 0.405Total elapsed time: 41.161 sec.
@I [HLS-100] Command "source C:/Xilinx/Vivado_HLS/2016.2/common/technology/xilinx/zynq/zynq_fpv6.gen "
@I [HLS-100] Command "source C:/Xilinx/Vivado_HLS/2016.2/common/technology/xilinx/common/xilinx_fpv6.gen "
@I [HLS-100] Command 'ap_source' returned 0; elapsed 0Total elapsed time: 41.161 sec.
@I [HLS-100] Command 'ap_source' returned 0; elapsed 0Total elapsed time: 41.161 sec.
@I [HLS-100] Command "source C:/Users/Emilia/Desktop/majne/inz/inzynierskie/jpet_geo/solution1/.autopilot/db/global.setting.tcl "
@I [HLS-100] Command 'ap_source' returned 0; elapsed 0Total elapsed time: 41.348 sec.
@I [HLS-100] Command 'export_design' returned 0; elapsed 52.393Total elapsed time: 55.154 sec.
@I [HLS-100] Command 'ap_source' returned 0; elapsed 53.266Total elapsed time: 55.154 sec.
@I [HLS-100] Command "cleanup_all "
@I [HLS-100] Command 'cleanup_all' returned 0; elapsed 0Total elapsed time: 55.154 sec.
