#-----------------------------------------------------------
# xsim v2016.2 (64-bit)
# SW Build 1577090 on Thu Jun  2 16:32:40 MDT 2016
# IP Build 1577682 on Fri Jun  3 12:00:54 MDT 2016
# Start of session at: Wed Sep 21 08:33:58 2016
# Process ID: 7912
# Current directory: C:/Users/Emilia/Desktop/majne/inz/inzynierskie/jpet_geo/solution1/sim/vhdl
# Command line: xsim.exe -mode tcl -source {xsim.dir/GetLocation/xsim_script.tcl}
# Log file: C:/Users/Emilia/Desktop/majne/inz/inzynierskie/jpet_geo/solution1/sim/vhdl/xsim.log
# Journal file: C:/Users/Emilia/Desktop/majne/inz/inzynierskie/jpet_geo/solution1/sim/vhdl\xsim.jou
#-----------------------------------------------------------
source xsim.dir/GetLocation/xsim_script.tcl
# xsim {GetLocation} -autoloadwcfg -tclbatch {GetLocation.tcl}
Vivado Simulator 2016.2
Time resolution is 1 ps
source GetLocation.tcl
## run all
Note: simulation done!
Time: 235 ns  Iteration: 1  Process: /apatb_GetLocation_top/generate_sim_done_proc  File: C:/Users/Emilia/Desktop/majne/inz/inzynierskie/jpet_geo/solution1/sim/vhdl/GetLocation.autotb.vhd
Failure: NORMAL EXIT (note: failure is to force the simulator to stop)
Time: 235 ns  Iteration: 1  Process: /apatb_GetLocation_top/generate_sim_done_proc  File: C:/Users/Emilia/Desktop/majne/inz/inzynierskie/jpet_geo/solution1/sim/vhdl/GetLocation.autotb.vhd
$finish called at time : 235 ns
## quit
INFO: [Common 17-206] Exiting xsim at Wed Sep 21 08:34:03 2016...
